Log file open, 04/13/22 00:07:37
LogWindows: Failed to load 'aqProf.dll' (GetLastError=126)
LogWindows: File 'aqProf.dll' does not exist
LogWindows: Failed to load 'VtuneApi.dll' (GetLastError=126)
LogWindows: File 'VtuneApi.dll' does not exist
LogWindows: Failed to load 'VtuneApi32e.dll' (GetLastError=126)
LogWindows: File 'VtuneApi32e.dll' does not exist
LogConsoleResponse: Display: Failed to find resolution value strings in scalability ini. Falling back to default.
LogConsoleResponse: Display: Failed to find resolution value strings in scalability ini. Falling back to default.
LogInit: Display: Running engine for game: ForbiddenRevelry
LogPlatformFile: Not using cached read wrapper
LogTaskGraph: Started task graph with 5 named threads and 35 total threads with 3 sets of task threads.
LogStats: Stats thread started at 0.254362
LogICUInternationalization: ICU TimeZone Detection - Raw Offset: -5:00, Platform Override: ''
LogInit: Display: Loading text-based GConfig....
LogPluginManager: Mounting plugin MeshPainting
LogPluginManager: Mounting plugin XGEController
LogPluginManager: Mounting plugin Paper2D
LogPluginManager: Mounting plugin AISupport
LogPluginManager: Mounting plugin EnvironmentQueryEditor
LogPluginManager: Mounting plugin LiveLink
LogPluginManager: Mounting plugin CameraShakePreviewer
LogPluginManager: Mounting plugin LightPropagationVolume
LogPluginManager: Mounting plugin GameplayCameras
LogPluginManager: Mounting plugin OodleData
LogPluginManager: Mounting plugin AnimationSharing
LogPluginManager: Mounting plugin OodleNetwork
LogPluginManager: Mounting plugin CLionSourceCodeAccess
LogPluginManager: Mounting plugin CodeLiteSourceCodeAccess
LogPluginManager: Mounting plugin NullSourceCodeAccess
LogPluginManager: Mounting plugin KDevelopSourceCodeAccess
LogPluginManager: Mounting plugin GitSourceControl
LogPluginManager: Mounting plugin DatasmithContent
LogPluginManager: Mounting plugin PerforceSourceControl
LogPluginManager: Mounting plugin PixWinPlugin
LogPluginManager: Mounting plugin PlasticSourceControl
LogPluginManager: Mounting plugin PluginUtils
LogPluginManager: Mounting plugin PropertyAccessNode
LogPluginManager: Mounting plugin RiderSourceCodeAccess
LogPluginManager: Mounting plugin AssetManagerEditor
LogPluginManager: Mounting plugin SubversionSourceControl
LogPluginManager: Mounting plugin TextureFormatOodle
LogPluginManager: Mounting plugin UObjectPlugin
LogPluginManager: Mounting plugin AlembicImporter
LogPluginManager: Mounting plugin Niagara
LogPluginManager: Mounting plugin LuminPlatformFeatures
LogPluginManager: Mounting plugin BackChannel
LogPluginManager: Mounting plugin VisualStudioCodeSourceCodeAccess
LogPluginManager: Mounting plugin AutomationUtils
LogPluginManager: Mounting plugin MagicLeap
LogPluginManager: Mounting plugin VisualStudioSourceCodeAccess
LogPluginManager: Mounting plugin CryptoKeys
LogPluginManager: Mounting plugin ChaosCloth
LogPluginManager: Mounting plugin CurveEditorTools
LogPluginManager: Mounting plugin ChaosClothEditor
LogPluginManager: Mounting plugin DataValidation
LogPluginManager: Mounting plugin ChaosEditor
LogPluginManager: Mounting plugin XCodeSourceCodeAccess
LogPluginManager: Mounting plugin AndroidMedia
LogPluginManager: Mounting plugin ChaosNiagara
LogPluginManager: Mounting plugin ChaosSolverPlugin
LogPluginManager: Mounting plugin TcpMessaging
LogPluginManager: Mounting plugin CharacterAI
LogPluginManager: Mounting plugin UdpMessaging
LogPluginManager: Mounting plugin VariantManagerContent
LogPluginManager: Mounting plugin MagicLeapLightEstimation
LogPluginManager: Mounting plugin MagicLeapMedia
LogPluginManager: Mounting plugin AvfMedia
LogPluginManager: Mounting plugin FacialAnimation
LogPluginManager: Mounting plugin MagicLeapPassableWorld
LogPluginManager: Mounting plugin GameplayTagsEditor
LogPluginManager: Mounting plugin GeometryMode
LogPluginManager: Mounting plugin MLSDK
LogPluginManager: Mounting plugin MacGraphicsSwitching
LogPluginManager: Mounting plugin ImgMedia
LogPluginManager: Mounting plugin MediaCompositing
LogPluginManager: Mounting plugin MobileLauncherProfileWizard
LogPluginManager: Mounting plugin PluginBrowser
LogPluginManager: Mounting plugin MaterialAnalyzer
LogPluginManager: Mounting plugin SpeedTreeImporter
LogPluginManager: Mounting plugin MediaPlayerEditor
LogPluginManager: Mounting plugin WebMMedia
LogPluginManager: Mounting plugin WmfMedia
LogPluginManager: Mounting plugin GeometryCache
LogPluginManager: Mounting plugin GeometryCollectionPlugin
LogPluginManager: Mounting plugin GeometryProcessing
LogPluginManager: Mounting plugin LauncherChunkInstaller
LogPluginManager: Mounting plugin ActorSequence
LogPluginManager: Mounting plugin MotoSynth
LogPluginManager: Mounting plugin LevelSequenceEditor
LogPluginManager: Mounting plugin OpenImageDenoise
LogPluginManager: Mounting plugin MatineeToLevelSequence
LogPluginManager: Mounting plugin ActorLayerUtilities
LogPluginManager: Mounting plugin PlanarCut
LogPluginManager: Mounting plugin PlatformCrypto
LogPluginManager: Mounting plugin ProxyLODPlugin
LogPluginManager: Mounting plugin OnlineSubsystem
LogPluginManager: Mounting plugin PythonScriptPlugin
LogPluginManager: Mounting plugin OnlineSubsystemNull
LogPluginManager: Mounting plugin SkeletalReduction
LogPluginManager: Mounting plugin OnlineSubsystemUtils
LogPluginManager: Mounting plugin TemplateSequence
LogPluginManager: Mounting plugin AndroidMoviePlayer
LogPluginManager: Mounting plugin AndroidDeviceProfileSelector
LogPluginManager: Mounting plugin AndroidPermission
LogPluginManager: Mounting plugin AppleMoviePlayer
LogPluginManager: Mounting plugin AppleImageUtils
LogPluginManager: Mounting plugin ArchVisCharacter
LogPluginManager: Mounting plugin AssetTags
LogPluginManager: Mounting plugin AudioCapture
LogPluginManager: Mounting plugin AudioSynesthesia
LogPluginManager: Mounting plugin CableComponent
LogPluginManager: Mounting plugin ChunkDownloader
LogPluginManager: Mounting plugin EditableMesh
LogPluginManager: Mounting plugin CustomMeshComponent
LogPluginManager: Mounting plugin ExampleDeviceProfileSelector
LogPluginManager: Mounting plugin GoogleCloudMessaging
LogPluginManager: Mounting plugin GooglePAD
LogPluginManager: Mounting plugin ScreenshotTools
LogPluginManager: Mounting plugin IOSDeviceProfileSelector
LogPluginManager: Mounting plugin LinuxDeviceProfileSelector
LogPluginManager: Mounting plugin LocationServicesBPLibrary
LogPluginManager: Mounting plugin MobilePatchingUtils
LogPluginManager: Mounting plugin OpenXREyeTracker
LogPluginManager: Mounting plugin OpenXR
LogPluginManager: Mounting plugin OpenXRHandTracking
LogPluginManager: Mounting plugin PhysXVehicles
LogPluginManager: Mounting plugin Takes
LogPluginManager: Mounting plugin PostSplashScreen
LogPluginManager: Mounting plugin ProceduralMeshComponent
LogPluginManager: Mounting plugin PropertyAccessEditor
LogPluginManager: Mounting plugin RuntimePhysXCooking
LogPluginManager: Mounting plugin SignificanceManager
LogPluginManager: Mounting plugin SoundFields
LogPluginManager: Mounting plugin Synthesis
LogPluginManager: Mounting plugin WebMMoviePlayer
LogPluginManager: Mounting plugin WindowsMoviePlayer
LogPluginManager: Mounting plugin ContentBrowserAssetDataSource
LogPluginManager: Mounting plugin ContentBrowserClassDataSource
LogPluginManager: Mounting plugin ContentBrowserFileDataSource
LogPluginManager: Mounting plugin OnlineSubsystemGooglePlay
LogPluginManager: Mounting plugin OnlineSubsystemIOS
LogPluginManager: Mounting plugin OculusVR
LogPluginManager: Mounting plugin SteamVR
PixWinPlugin: PIX capture plugin failed to initialize! Check that the process is launched from PIX.
LogInit: Using libcurl 7.55.1-DEV
LogInit:  - built for x86_64-pc-win32
LogInit:  - supports SSL with OpenSSL/1.1.1
LogInit:  - supports HTTP deflate (compression) using libz 1.2.8
LogInit:  - other features:
LogInit:      CURL_VERSION_SSL
LogInit:      CURL_VERSION_LIBZ
LogInit:      CURL_VERSION_IPV6
LogInit:      CURL_VERSION_ASYNCHDNS
LogInit:      CURL_VERSION_LARGEFILE
LogInit:      CURL_VERSION_IDN
LogInit:  CurlRequestOptions (configurable via config and command line):
LogInit:  - bVerifyPeer = true  - Libcurl will verify peer certificate
LogInit:  - bUseHttpProxy = false  - Libcurl will NOT use HTTP proxy
LogInit:  - bDontReuseConnections = false  - Libcurl will reuse connections
LogInit:  - MaxHostConnections = 16  - Libcurl will limit the number of connections to a host
LogInit:  - LocalHostAddr = Default
LogInit:  - BufferSize = 65536
LogOnline: OSS: Creating online subsystem instance for: NULL
LogInit: WinSock: version 1.1 (2.2), MaxSocks=32767, MaxUdp=65467
LogOnline: OSS: TryLoadSubsystemAndSetDefault: Loaded subsystem for module [NULL]
LogOculusPluginWrapper: OculusPlugin initialized successfully
LogHMD: Failed initializing OVRPlugin 1.59.0
LogInit: Build: ++UE4+Release-4.27-CL-18319896
LogInit: Engine Version: 4.27.2-18319896+++UE4+Release-4.27
LogInit: Compatible Engine Version: 4.27.0-17155196+++UE4+Release-4.27
LogInit: Net CL: 17155196
LogInit: OS: Windows 10 (Release 2009) (), CPU: Intel(R) Core(TM) i7-8700K CPU @ 3.70GHz, GPU: NVIDIA GeForce GTX 1070 Ti
LogInit: Compiled (64-bit): Nov 30 2021 07:12:08
LogInit: Compiled with Visual C++: 19.24.28315.00
LogInit: Build Configuration: Development
LogInit: Branch Name: ++UE4+Release-4.27
LogInit: Command Line:  -EpicPortal -epicusername=nichithepuppy -epicuserid=3fca8129266845faa0447f5cb0869743 -epiclocale=en -epicsandboxid=ue
LogInit: Base Directory: D:/epic games/UE_4.27/Engine/Binaries/Win64/
LogInit: Allocator: TBB
LogInit: Installed Engine Build: 1
LogDevObjectVersion: Number of dev versions registered: 29
LogDevObjectVersion:   Dev-Blueprints (B0D832E4-1F89-4F0D-ACCF-7EB736FD4AA2): 10
LogDevObjectVersion:   Dev-Build (E1C64328-A22C-4D53-A36C-8E866417BD8C): 0
LogDevObjectVersion:   Dev-Core (375EC13C-06E4-48FB-B500-84F0262A717E): 4
LogDevObjectVersion:   Dev-Editor (E4B068ED-F494-42E9-A231-DA0B2E46BB41): 40
LogDevObjectVersion:   Dev-Framework (CFFC743F-43B0-4480-9391-14DF171D2073): 37
LogDevObjectVersion:   Dev-Mobile (B02B49B5-BB20-44E9-A304-32B752E40360): 3
LogDevObjectVersion:   Dev-Networking (A4E4105C-59A1-49B5-A7C5-40C4547EDFEE): 0
LogDevObjectVersion:   Dev-Online (39C831C9-5AE6-47DC-9A44-9C173E1C8E7C): 0
LogDevObjectVersion:   Dev-Physics (78F01B33-EBEA-4F98-B9B4-84EACCB95AA2): 14
LogDevObjectVersion:   Dev-Platform (6631380F-2D4D-43E0-8009-CF276956A95A): 0
LogDevObjectVersion:   Dev-Rendering (12F88B9F-8875-4AFC-A67C-D90C383ABD29): 45
LogDevObjectVersion:   Dev-Sequencer (7B5AE74C-D270-4C10-A958-57980B212A5A): 13
LogDevObjectVersion:   Dev-VR (D7296918-1DD6-4BDD-9DE2-64A83CC13884): 3
LogDevObjectVersion:   Dev-LoadTimes (C2A15278-BFE7-4AFE-6C17-90FF531DF755): 1
LogDevObjectVersion:   Private-Geometry (6EACA3D4-40EC-4CC1-B786-8BED09428FC5): 3
LogDevObjectVersion:   Dev-AnimPhys (29E575DD-E0A3-4627-9D10-D276232CDCEA): 17
LogDevObjectVersion:   Dev-Anim (AF43A65D-7FD3-4947-9873-3E8ED9C1BB05): 15
LogDevObjectVersion:   Dev-ReflectionCapture (6B266CEC-1EC7-4B8F-A30B-E4D90942FC07): 1
LogDevObjectVersion:   Dev-Automation (0DF73D61-A23F-47EA-B727-89E90C41499A): 1
LogDevObjectVersion:   FortniteMain (601D1886-AC64-4F84-AA16-D3DE0DEAC7D6): 47
LogDevObjectVersion:   FortniteRelease (E7086368-6B23-4C58-8439-1B7016265E91): 1
LogDevObjectVersion:   Dev-Enterprise (9DFFBCD6-494F-0158-E221-12823C92A888): 10
LogDevObjectVersion:   Dev-Niagara (F2AED0AC-9AFE-416F-8664-AA7FFA26D6FC): 1
LogDevObjectVersion:   Dev-Destruction (174F1F0B-B4C6-45A5-B13F-2EE8D0FB917D): 10
LogDevObjectVersion:   Dev-Physics-Ext (35F94A83-E258-406C-A318-09F59610247C): 41
LogDevObjectVersion:   Dev-PhysicsMaterial-Chaos (B68FC16E-8B1B-42E2-B453-215C058844FE): 1
LogDevObjectVersion:   Dev-CineCamera (B2E18506-4273-CFC2-A54E-F4BB758BBA07): 1
LogDevObjectVersion:   Dev-VirtualProduction (64F58936-FD1B-42BA-BA96-7289D5D0FA4E): 1
LogDevObjectVersion:   Dev-MediaFramework (6F0ED827-A609-4895-9C91-998D90180EA4): 2
LogInit: Presizing for max 25165824 objects, including 0 objects not considered by GC, pre-allocating 0 bytes for permanent pool.
LogConfig: Applying CVar settings from Section [/Script/Engine.StreamingSettings] File [D:/STUDIO2/ForbiddenRevelry/STUDIO2/ForbiddenRevelry/Saved/Config/Windows/Engine.ini]
LogConfig: Setting CVar [[s.MinBulkDataSizeForAsyncLoading:131072]]
LogConfig: Setting CVar [[s.AsyncLoadingThreadEnabled:0]]
LogConfig: Setting CVar [[s.EventDrivenLoaderEnabled:1]]
LogConfig: Setting CVar [[s.WarnIfTimeLimitExceeded:0]]
LogConfig: Setting CVar [[s.TimeLimitExceededMultiplier:1.5]]
LogConfig: Setting CVar [[s.TimeLimitExceededMinTime:0.005]]
LogConfig: Setting CVar [[s.UseBackgroundLevelStreaming:1]]
LogConfig: Setting CVar [[s.PriorityAsyncLoadingExtraTime:15.0]]
LogConfig: Setting CVar [[s.LevelStreamingActorsUpdateTimeLimit:5.0]]
LogConfig: Setting CVar [[s.PriorityLevelStreamingActorsUpdateExtraTime:5.0]]
LogConfig: Setting CVar [[s.LevelStreamingComponentsRegistrationGranularity:10]]
LogConfig: Setting CVar [[s.UnregisterComponentsTimeLimit:1.0]]
LogConfig: Setting CVar [[s.LevelStreamingComponentsUnregistrationGranularity:5]]
LogConfig: Setting CVar [[s.FlushStreamingOnExit:1]]
LogInit: Object subsystem initialized
LogConfig: Setting CVar [[con.DebugEarlyDefault:1]]
LogConfig: Setting CVar [[r.setres:1280x720]]
[2022.04.13-04.07.38:294][  0]LogConfig: Setting CVar [[r.VSync:0]]
[2022.04.13-04.07.38:294][  0]LogConfig: Setting CVar [[r.RHICmdBypass:0]]
[2022.04.13-04.07.38:294][  0]LogConfig: Applying CVar settings from Section [/Script/Engine.RendererSettings] File [D:/STUDIO2/ForbiddenRevelry/STUDIO2/ForbiddenRevelry/Saved/Config/Windows/Engine.ini]
[2022.04.13-04.07.38:294][  0]LogConfig: Setting CVar [[r.GPUCrashDebugging:0]]
[2022.04.13-04.07.38:294][  0]LogConfig: Applying CVar settings from Section [/Script/Engine.RendererOverrideSettings] File [D:/STUDIO2/ForbiddenRevelry/STUDIO2/ForbiddenRevelry/Saved/Config/Windows/Engine.ini]
[2022.04.13-04.07.38:294][  0]LogConfig: Applying CVar settings from Section [/Script/Engine.StreamingSettings] File [D:/STUDIO2/ForbiddenRevelry/STUDIO2/ForbiddenRevelry/Saved/Config/Windows/Engine.ini]
[2022.04.13-04.07.38:294][  0]LogConfig: Setting CVar [[s.MinBulkDataSizeForAsyncLoading:131072]]
[2022.04.13-04.07.38:294][  0]LogConfig: Setting CVar [[s.AsyncLoadingThreadEnabled:0]]
[2022.04.13-04.07.38:294][  0]LogConfig: Setting CVar [[s.EventDrivenLoaderEnabled:1]]
[2022.04.13-04.07.38:294][  0]LogConfig: Setting CVar [[s.WarnIfTimeLimitExceeded:0]]
[2022.04.13-04.07.38:294][  0]LogConfig: Setting CVar [[s.TimeLimitExceededMultiplier:1.5]]
[2022.04.13-04.07.38:294][  0]LogConfig: Setting CVar [[s.TimeLimitExceededMinTime:0.005]]
[2022.04.13-04.07.38:294][  0]LogConfig: Setting CVar [[s.UseBackgroundLevelStreaming:1]]
[2022.04.13-04.07.38:294][  0]LogConfig: Setting CVar [[s.PriorityAsyncLoadingExtraTime:15.0]]
[2022.04.13-04.07.38:294][  0]LogConfig: Setting CVar [[s.LevelStreamingActorsUpdateTimeLimit:5.0]]
[2022.04.13-04.07.38:294][  0]LogConfig: Setting CVar [[s.PriorityLevelStreamingActorsUpdateExtraTime:5.0]]
[2022.04.13-04.07.38:294][  0]LogConfig: Setting CVar [[s.LevelStreamingComponentsRegistrationGranularity:10]]
[2022.04.13-04.07.38:294][  0]LogConfig: Setting CVar [[s.UnregisterComponentsTimeLimit:1.0]]
[2022.04.13-04.07.38:294][  0]LogConfig: Setting CVar [[s.LevelStreamingComponentsUnregistrationGranularity:5]]
[2022.04.13-04.07.38:294][  0]LogConfig: Setting CVar [[s.FlushStreamingOnExit:1]]
[2022.04.13-04.07.38:294][  0]LogConfig: Applying CVar settings from Section [/Script/Engine.GarbageCollectionSettings] File [D:/STUDIO2/ForbiddenRevelry/STUDIO2/ForbiddenRevelry/Saved/Config/Windows/Engine.ini]
[2022.04.13-04.07.38:294][  0]LogConfig: Setting CVar [[gc.MaxObjectsNotConsideredByGC:1]]
[2022.04.13-04.07.38:294][  0]LogConfig: Setting CVar [[gc.SizeOfPermanentObjectPool:0]]
[2022.04.13-04.07.38:294][  0]LogConfig: Setting CVar [[gc.FlushStreamingOnGC:0]]
[2022.04.13-04.07.38:294][  0]LogConfig: Setting CVar [[gc.NumRetriesBeforeForcingGC:10]]
[2022.04.13-04.07.38:294][  0]LogConfig: Setting CVar [[gc.AllowParallelGC:1]]
[2022.04.13-04.07.38:294][  0]LogConfig: Setting CVar [[gc.TimeBetweenPurgingPendingKillObjects:61.1]]
[2022.04.13-04.07.38:294][  0]LogConfig: Setting CVar [[gc.MaxObjectsInEditor:25165824]]
[2022.04.13-04.07.38:294][  0]LogConfig: Setting CVar [[gc.IncrementalBeginDestroyEnabled:1]]
[2022.04.13-04.07.38:294][  0]LogConfig: Setting CVar [[gc.CreateGCClusters:1]]
[2022.04.13-04.07.38:294][  0]LogConfig: Setting CVar [[gc.MinGCClusterSize:5]]
[2022.04.13-04.07.38:294][  0]LogConfig: Setting CVar [[gc.ActorClusteringEnabled:0]]
[2022.04.13-04.07.38:294][  0]LogConfig: Setting CVar [[gc.BlueprintClusteringEnabled:0]]
[2022.04.13-04.07.38:294][  0]LogConfig: Setting CVar [[gc.UseDisregardForGCOnDedicatedServers:0]]
[2022.04.13-04.07.38:294][  0]LogConfig: Setting CVar [[gc.MultithreadedDestructionEnabled:1]]
[2022.04.13-04.07.38:294][  0]LogConfig: Applying CVar settings from Section [/Script/Engine.NetworkSettings] File [D:/STUDIO2/ForbiddenRevelry/STUDIO2/ForbiddenRevelry/Saved/Config/Windows/Engine.ini]
[2022.04.13-04.07.38:294][  0]LogConfig: Applying CVar settings from Section [/Script/UnrealEd.CookerSettings] File [D:/STUDIO2/ForbiddenRevelry/STUDIO2/ForbiddenRevelry/Saved/Config/Windows/Engine.ini]
[2022.04.13-04.07.38:310][  0]LogConfig: Applying CVar settings from Section [ViewDistanceQuality@3] File [D:/STUDIO2/ForbiddenRevelry/STUDIO2/ForbiddenRevelry/Saved/Config/Windows/Scalability.ini]
[2022.04.13-04.07.38:310][  0]LogConfig: Setting CVar [[r.SkeletalMeshLODBias:0]]
[2022.04.13-04.07.38:310][  0]LogConfig: Setting CVar [[r.ViewDistanceScale:1.0]]
[2022.04.13-04.07.38:310][  0]LogConfig: Applying CVar settings from Section [AntiAliasingQuality@3] File [D:/STUDIO2/ForbiddenRevelry/STUDIO2/ForbiddenRevelry/Saved/Config/Windows/Scalability.ini]
[2022.04.13-04.07.38:310][  0]LogConfig: Setting CVar [[r.PostProcessAAQuality:4]]
[2022.04.13-04.07.38:310][  0]LogConfig: Applying CVar settings from Section [ShadowQuality@3] File [D:/STUDIO2/ForbiddenRevelry/STUDIO2/ForbiddenRevelry/Saved/Config/Windows/Scalability.ini]
[2022.04.13-04.07.38:310][  0]LogConfig: Setting CVar [[r.LightFunctionQuality:1]]
[2022.04.13-04.07.38:310][  0]LogConfig: Setting CVar [[r.ShadowQuality:5]]
[2022.04.13-04.07.38:310][  0]LogConfig: Setting CVar [[r.Shadow.CSM.MaxCascades:10]]
[2022.04.13-04.07.38:310][  0]LogConfig: Setting CVar [[r.Shadow.MaxResolution:2048]]
[2022.04.13-04.07.38:310][  0]LogConfig: Setting CVar [[r.Shadow.MaxCSMResolution:2048]]
[2022.04.13-04.07.38:310][  0]LogConfig: Setting CVar [[r.Shadow.RadiusThreshold:0.01]]
[2022.04.13-04.07.38:310][  0]LogConfig: Setting CVar [[r.Shadow.DistanceScale:1.0]]
[2022.04.13-04.07.38:310][  0]LogConfig: Setting CVar [[r.Shadow.CSM.TransitionScale:1.0]]
[2022.04.13-04.07.38:310][  0]LogConfig: Setting CVar [[r.Shadow.PreShadowResolutionFactor:1.0]]
[2022.04.13-04.07.38:310][  0]LogConfig: Setting CVar [[r.DistanceFieldShadowing:1]]
[2022.04.13-04.07.38:310][  0]LogConfig: Setting CVar [[r.DistanceFieldAO:1]]
[2022.04.13-04.07.38:310][  0]LogConfig: Setting CVar [[r.AOQuality:2]]
[2022.04.13-04.07.38:310][  0]LogConfig: Setting CVar [[r.VolumetricFog:1]]
[2022.04.13-04.07.38:310][  0]LogConfig: Setting CVar [[r.VolumetricFog.GridPixelSize:8]]
[2022.04.13-04.07.38:310][  0]LogConfig: Setting CVar [[r.VolumetricFog.GridSizeZ:128]]
[2022.04.13-04.07.38:310][  0]LogConfig: Setting CVar [[r.VolumetricFog.HistoryMissSupersampleCount:4]]
[2022.04.13-04.07.38:310][  0]LogConfig: Setting CVar [[r.LightMaxDrawDistanceScale:1]]
[2022.04.13-04.07.38:310][  0]LogConfig: Setting CVar [[r.CapsuleShadows:1]]
[2022.04.13-04.07.38:310][  0]LogConfig: Applying CVar settings from Section [PostProcessQuality@3] File [D:/STUDIO2/ForbiddenRevelry/STUDIO2/ForbiddenRevelry/Saved/Config/Windows/Scalability.ini]
[2022.04.13-04.07.38:310][  0]LogConfig: Setting CVar [[r.MotionBlurQuality:4]]
[2022.04.13-04.07.38:311][  0]LogConfig: Setting CVar [[r.AmbientOcclusionMipLevelFactor:0.4]]
[2022.04.13-04.07.38:311][  0]LogConfig: Setting CVar [[r.AmbientOcclusionMaxQuality:100]]
[2022.04.13-04.07.38:311][  0]LogConfig: Setting CVar [[r.AmbientOcclusionLevels:-1]]
[2022.04.13-04.07.38:311][  0]LogConfig: Setting CVar [[r.AmbientOcclusionRadiusScale:1.0]]
[2022.04.13-04.07.38:311][  0]LogConfig: Setting CVar [[r.DepthOfFieldQuality:2]]
[2022.04.13-04.07.38:311][  0]LogConfig: Setting CVar [[r.RenderTargetPoolMin:400]]
[2022.04.13-04.07.38:311][  0]LogConfig: Setting CVar [[r.LensFlareQuality:2]]
[2022.04.13-04.07.38:311][  0]LogConfig: Setting CVar [[r.SceneColorFringeQuality:1]]
[2022.04.13-04.07.38:311][  0]LogConfig: Setting CVar [[r.EyeAdaptationQuality:2]]
[2022.04.13-04.07.38:311][  0]LogConfig: Setting CVar [[r.BloomQuality:5]]
[2022.04.13-04.07.38:311][  0]LogConfig: Setting CVar [[r.FastBlurThreshold:100]]
[2022.04.13-04.07.38:311][  0]LogConfig: Setting CVar [[r.Upscale.Quality:3]]
[2022.04.13-04.07.38:311][  0]LogConfig: Setting CVar [[r.Tonemapper.GrainQuantization:1]]
[2022.04.13-04.07.38:311][  0]LogConfig: Setting CVar [[r.LightShaftQuality:1]]
[2022.04.13-04.07.38:311][  0]LogConfig: Setting CVar [[r.Filter.SizeScale:1]]
[2022.04.13-04.07.38:311][  0]LogConfig: Setting CVar [[r.Tonemapper.Quality:5]]
[2022.04.13-04.07.38:311][  0]LogConfig: Setting CVar [[r.DOF.Gather.AccumulatorQuality:1        ; higher gathering accumulator quality]]
[2022.04.13-04.07.38:311][  0]LogConfig: Setting CVar [[r.DOF.Gather.PostfilterMethod:1          ; Median3x3 postfilering method]]
[2022.04.13-04.07.38:311][  0]LogConfig: Setting CVar [[r.DOF.Gather.EnableBokehSettings:0       ; no bokeh simulation when gathering]]
[2022.04.13-04.07.38:311][  0]LogConfig: Setting CVar [[r.DOF.Gather.RingCount:4                 ; medium number of samples when gathering]]
[2022.04.13-04.07.38:311][  0]LogConfig: Setting CVar [[r.DOF.Scatter.ForegroundCompositing:1    ; additive foreground scattering]]
[2022.04.13-04.07.38:311][  0]LogConfig: Setting CVar [[r.DOF.Scatter.BackgroundCompositing:2    ; additive background scattering]]
[2022.04.13-04.07.38:311][  0]LogConfig: Setting CVar [[r.DOF.Scatter.EnableBokehSettings:1      ; bokeh simulation when scattering]]
[2022.04.13-04.07.38:311][  0]LogConfig: Setting CVar [[r.DOF.Scatter.MaxSpriteRatio:0.1         ; only a maximum of 10% of scattered bokeh]]
[2022.04.13-04.07.38:311][  0]LogConfig: Setting CVar [[r.DOF.Recombine.Quality:1                ; cheap slight out of focus]]
[2022.04.13-04.07.38:311][  0]LogConfig: Setting CVar [[r.DOF.Recombine.EnableBokehSettings:0    ; no bokeh simulation on slight out of focus]]
[2022.04.13-04.07.38:311][  0]LogConfig: Setting CVar [[r.DOF.TemporalAAQuality:1                ; more stable temporal accumulation]]
[2022.04.13-04.07.38:311][  0]LogConfig: Setting CVar [[r.DOF.Kernel.MaxForegroundRadius:0.025]]
[2022.04.13-04.07.38:311][  0]LogConfig: Setting CVar [[r.DOF.Kernel.MaxBackgroundRadius:0.025]]
[2022.04.13-04.07.38:311][  0]LogConfig: Applying CVar settings from Section [TextureQuality@3] File [D:/STUDIO2/ForbiddenRevelry/STUDIO2/ForbiddenRevelry/Saved/Config/Windows/Scalability.ini]
[2022.04.13-04.07.38:311][  0]LogConfig: Setting CVar [[r.Streaming.MipBias:0]]
[2022.04.13-04.07.38:311][  0]LogConfig: Setting CVar [[r.Streaming.AmortizeCPUToGPUCopy:0]]
[2022.04.13-04.07.38:311][  0]LogConfig: Setting CVar [[r.Streaming.MaxNumTexturesToStreamPerFrame:0]]
[2022.04.13-04.07.38:311][  0]LogConfig: Setting CVar [[r.Streaming.Boost:1]]
[2022.04.13-04.07.38:311][  0]LogConfig: Setting CVar [[r.MaxAnisotropy:8]]
[2022.04.13-04.07.38:311][  0]LogConfig: Setting CVar [[r.VT.MaxAnisotropy:8]]
[2022.04.13-04.07.38:311][  0]LogConfig: Setting CVar [[r.Streaming.LimitPoolSizeToVRAM:0]]
[2022.04.13-04.07.38:311][  0]LogConfig: Setting CVar [[r.Streaming.PoolSize:1000]]
[2022.04.13-04.07.38:311][  0]LogConfig: Setting CVar [[r.Streaming.MaxEffectiveScreenSize:0]]
[2022.04.13-04.07.38:311][  0]LogConfig: Applying CVar settings from Section [EffectsQuality@3] File [D:/STUDIO2/ForbiddenRevelry/STUDIO2/ForbiddenRevelry/Saved/Config/Windows/Scalability.ini]
[2022.04.13-04.07.38:311][  0]LogConfig: Setting CVar [[r.TranslucencyLightingVolumeDim:64]]
[2022.04.13-04.07.38:311][  0]LogConfig: Setting CVar [[r.RefractionQuality:2]]
[2022.04.13-04.07.38:311][  0]LogConfig: Setting CVar [[r.SSR.Quality:3]]
[2022.04.13-04.07.38:311][  0]LogConfig: Setting CVar [[r.SSR.HalfResSceneColor:0]]
[2022.04.13-04.07.38:311][  0]LogConfig: Setting CVar [[r.SceneColorFormat:4]]
[2022.04.13-04.07.38:311][  0]LogConfig: Setting CVar [[r.DetailMode:2]]
[2022.04.13-04.07.38:311][  0]LogConfig: Setting CVar [[r.TranslucencyVolumeBlur:1]]
[2022.04.13-04.07.38:311][  0]LogConfig: Setting CVar [[r.MaterialQualityLevel:1 ; High quality]]
[2022.04.13-04.07.38:311][  0]LogConfig: Setting CVar [[r.AnisotropicMaterials:1]]
[2022.04.13-04.07.38:311][  0]LogConfig: Setting CVar [[r.SSS.Scale:1]]
[2022.04.13-04.07.38:311][  0]LogConfig: Setting CVar [[r.SSS.SampleSet:2]]
[2022.04.13-04.07.38:311][  0]LogConfig: Setting CVar [[r.SSS.Quality:1]]
[2022.04.13-04.07.38:311][  0]LogConfig: Setting CVar [[r.SSS.HalfRes:0]]
[2022.04.13-04.07.38:311][  0]LogConfig: Setting CVar [[r.SSGI.Quality:3]]
[2022.04.13-04.07.38:311][  0]LogConfig: Setting CVar [[r.EmitterSpawnRateScale:1.0]]
[2022.04.13-04.07.38:311][  0]LogConfig: Setting CVar [[r.ParticleLightQuality:2]]
[2022.04.13-04.07.38:311][  0]LogConfig: Setting CVar [[r.SkyAtmosphere.AerialPerspectiveLUT.FastApplyOnOpaque:1 ; Always have FastSkyLUT 1 in this case to avoid wrong sky]]
[2022.04.13-04.07.38:311][  0]LogConfig: Setting CVar [[r.SkyAtmosphere.AerialPerspectiveLUT.SampleCountMaxPerSlice:4]]
[2022.04.13-04.07.38:311][  0]LogConfig: Setting CVar [[r.SkyAtmosphere.AerialPerspectiveLUT.DepthResolution:16.0]]
[2022.04.13-04.07.38:311][  0]LogConfig: Setting CVar [[r.SkyAtmosphere.FastSkyLUT:1]]
[2022.04.13-04.07.38:311][  0]LogConfig: Setting CVar [[r.SkyAtmosphere.FastSkyLUT.SampleCountMin:4.0]]
[2022.04.13-04.07.38:311][  0]LogConfig: Setting CVar [[r.SkyAtmosphere.FastSkyLUT.SampleCountMax:128.0]]
[2022.04.13-04.07.38:311][  0]LogConfig: Setting CVar [[r.SkyAtmosphere.SampleCountMin:4.0]]
[2022.04.13-04.07.38:311][  0]LogConfig: Setting CVar [[r.SkyAtmosphere.SampleCountMax:128.0]]
[2022.04.13-04.07.38:311][  0]LogConfig: Setting CVar [[r.SkyAtmosphere.TransmittanceLUT.UseSmallFormat:0]]
[2022.04.13-04.07.38:311][  0]LogConfig: Setting CVar [[r.SkyAtmosphere.TransmittanceLUT.SampleCount:10.0]]
[2022.04.13-04.07.38:311][  0]LogConfig: Setting CVar [[r.SkyAtmosphere.MultiScatteringLUT.SampleCount:15.0]]
[2022.04.13-04.07.38:311][  0]LogConfig: Setting CVar [[r.SkyLight.RealTimeReflectionCapture:1]]
[2022.04.13-04.07.38:311][  0]LogConfig: Applying CVar settings from Section [FoliageQuality@3] File [D:/STUDIO2/ForbiddenRevelry/STUDIO2/ForbiddenRevelry/Saved/Config/Windows/Scalability.ini]
[2022.04.13-04.07.38:311][  0]LogConfig: Setting CVar [[foliage.DensityScale:1.0]]
[2022.04.13-04.07.38:311][  0]LogConfig: Setting CVar [[grass.DensityScale:1.0]]
[2022.04.13-04.07.38:311][  0]LogConfig: Applying CVar settings from Section [ShadingQuality@3] File [D:/STUDIO2/ForbiddenRevelry/STUDIO2/ForbiddenRevelry/Saved/Config/Windows/Scalability.ini]
[2022.04.13-04.07.38:311][  0]LogConfig: Setting CVar [[r.HairStrands.SkyLighting.IntegrationType:2]]
[2022.04.13-04.07.38:311][  0]LogConfig: Setting CVar [[r.HairStrands.SkyAO.SampleCount:4]]
[2022.04.13-04.07.38:312][  0]LogConfig: Setting CVar [[r.HairStrands.Visibility.MSAA.SamplePerPixel:4]]
[2022.04.13-04.07.38:312][  0]LogInit: Selected Device Profile: [Windows]
[2022.04.13-04.07.38:312][  0]LogInit: Applying CVar settings loaded from the selected device profile: [Windows]
[2022.04.13-04.07.38:312][  0]LogHAL: Display: Platform has ~ 16 GB [17109155840 / 17179869184 / 16], which maps to Larger [LargestMinGB=32, LargerMinGB=12, DefaultMinGB=8, SmallerMinGB=6, SmallestMinGB=0)
[2022.04.13-04.07.38:312][  0]LogInit: Going up to parent DeviceProfile []
[2022.04.13-04.07.38:312][  0]LogConfig: Applying CVar settings from Section [ViewDistanceQuality@3] File [D:/STUDIO2/ForbiddenRevelry/STUDIO2/ForbiddenRevelry/Saved/Config/Windows/Scalability.ini]
[2022.04.13-04.07.38:312][  0]LogConfig: Setting CVar [[r.SkeletalMeshLODBias:0]]
[2022.04.13-04.07.38:312][  0]LogConfig: Setting CVar [[r.ViewDistanceScale:1.0]]
[2022.04.13-04.07.38:312][  0]LogConfig: Applying CVar settings from Section [AntiAliasingQuality@3] File [D:/STUDIO2/ForbiddenRevelry/STUDIO2/ForbiddenRevelry/Saved/Config/Windows/Scalability.ini]
[2022.04.13-04.07.38:312][  0]LogConfig: Setting CVar [[r.PostProcessAAQuality:4]]
[2022.04.13-04.07.38:312][  0]LogConfig: Applying CVar settings from Section [ShadowQuality@3] File [D:/STUDIO2/ForbiddenRevelry/STUDIO2/ForbiddenRevelry/Saved/Config/Windows/Scalability.ini]
[2022.04.13-04.07.38:312][  0]LogConfig: Setting CVar [[r.LightFunctionQuality:1]]
[2022.04.13-04.07.38:312][  0]LogConfig: Setting CVar [[r.ShadowQuality:5]]
[2022.04.13-04.07.38:312][  0]LogConfig: Setting CVar [[r.Shadow.CSM.MaxCascades:10]]
[2022.04.13-04.07.38:312][  0]LogConfig: Setting CVar [[r.Shadow.MaxResolution:2048]]
[2022.04.13-04.07.38:312][  0]LogConfig: Setting CVar [[r.Shadow.MaxCSMResolution:2048]]
[2022.04.13-04.07.38:312][  0]LogConfig: Setting CVar [[r.Shadow.RadiusThreshold:0.01]]
[2022.04.13-04.07.38:312][  0]LogConfig: Setting CVar [[r.Shadow.DistanceScale:1.0]]
[2022.04.13-04.07.38:312][  0]LogConfig: Setting CVar [[r.Shadow.CSM.TransitionScale:1.0]]
[2022.04.13-04.07.38:312][  0]LogConfig: Setting CVar [[r.Shadow.PreShadowResolutionFactor:1.0]]
[2022.04.13-04.07.38:312][  0]LogConfig: Setting CVar [[r.DistanceFieldShadowing:1]]
[2022.04.13-04.07.38:312][  0]LogConfig: Setting CVar [[r.DistanceFieldAO:1]]
[2022.04.13-04.07.38:312][  0]LogConfig: Setting CVar [[r.AOQuality:2]]
[2022.04.13-04.07.38:312][  0]LogConfig: Setting CVar [[r.VolumetricFog:1]]
[2022.04.13-04.07.38:312][  0]LogConfig: Setting CVar [[r.VolumetricFog.GridPixelSize:8]]
[2022.04.13-04.07.38:312][  0]LogConfig: Setting CVar [[r.VolumetricFog.GridSizeZ:128]]
[2022.04.13-04.07.38:312][  0]LogConfig: Setting CVar [[r.VolumetricFog.HistoryMissSupersampleCount:4]]
[2022.04.13-04.07.38:312][  0]LogConfig: Setting CVar [[r.LightMaxDrawDistanceScale:1]]
[2022.04.13-04.07.38:312][  0]LogConfig: Setting CVar [[r.CapsuleShadows:1]]
[2022.04.13-04.07.38:312][  0]LogConfig: Applying CVar settings from Section [PostProcessQuality@3] File [D:/STUDIO2/ForbiddenRevelry/STUDIO2/ForbiddenRevelry/Saved/Config/Windows/Scalability.ini]
[2022.04.13-04.07.38:312][  0]LogConfig: Setting CVar [[r.MotionBlurQuality:4]]
[2022.04.13-04.07.38:312][  0]LogConfig: Setting CVar [[r.AmbientOcclusionMipLevelFactor:0.4]]
[2022.04.13-04.07.38:312][  0]LogConfig: Setting CVar [[r.AmbientOcclusionMaxQuality:100]]
[2022.04.13-04.07.38:312][  0]LogConfig: Setting CVar [[r.AmbientOcclusionLevels:-1]]
[2022.04.13-04.07.38:312][  0]LogConfig: Setting CVar [[r.AmbientOcclusionRadiusScale:1.0]]
[2022.04.13-04.07.38:312][  0]LogConfig: Setting CVar [[r.DepthOfFieldQuality:2]]
[2022.04.13-04.07.38:312][  0]LogConfig: Setting CVar [[r.RenderTargetPoolMin:400]]
[2022.04.13-04.07.38:312][  0]LogConfig: Setting CVar [[r.LensFlareQuality:2]]
[2022.04.13-04.07.38:312][  0]LogConfig: Setting CVar [[r.SceneColorFringeQuality:1]]
[2022.04.13-04.07.38:312][  0]LogConfig: Setting CVar [[r.EyeAdaptationQuality:2]]
[2022.04.13-04.07.38:312][  0]LogConfig: Setting CVar [[r.BloomQuality:5]]
[2022.04.13-04.07.38:312][  0]LogConfig: Setting CVar [[r.FastBlurThreshold:100]]
[2022.04.13-04.07.38:312][  0]LogConfig: Setting CVar [[r.Upscale.Quality:3]]
[2022.04.13-04.07.38:312][  0]LogConfig: Setting CVar [[r.Tonemapper.GrainQuantization:1]]
[2022.04.13-04.07.38:312][  0]LogConfig: Setting CVar [[r.LightShaftQuality:1]]
[2022.04.13-04.07.38:312][  0]LogConfig: Setting CVar [[r.Filter.SizeScale:1]]
[2022.04.13-04.07.38:312][  0]LogConfig: Setting CVar [[r.Tonemapper.Quality:5]]
[2022.04.13-04.07.38:312][  0]LogConfig: Setting CVar [[r.DOF.Gather.AccumulatorQuality:1        ; higher gathering accumulator quality]]
[2022.04.13-04.07.38:312][  0]LogConfig: Setting CVar [[r.DOF.Gather.PostfilterMethod:1          ; Median3x3 postfilering method]]
[2022.04.13-04.07.38:312][  0]LogConfig: Setting CVar [[r.DOF.Gather.EnableBokehSettings:0       ; no bokeh simulation when gathering]]
[2022.04.13-04.07.38:312][  0]LogConfig: Setting CVar [[r.DOF.Gather.RingCount:4                 ; medium number of samples when gathering]]
[2022.04.13-04.07.38:312][  0]LogConfig: Setting CVar [[r.DOF.Scatter.ForegroundCompositing:1    ; additive foreground scattering]]
[2022.04.13-04.07.38:312][  0]LogConfig: Setting CVar [[r.DOF.Scatter.BackgroundCompositing:2    ; additive background scattering]]
[2022.04.13-04.07.38:312][  0]LogConfig: Setting CVar [[r.DOF.Scatter.EnableBokehSettings:1      ; bokeh simulation when scattering]]
[2022.04.13-04.07.38:312][  0]LogConfig: Setting CVar [[r.DOF.Scatter.MaxSpriteRatio:0.1         ; only a maximum of 10% of scattered bokeh]]
[2022.04.13-04.07.38:312][  0]LogConfig: Setting CVar [[r.DOF.Recombine.Quality:1                ; cheap slight out of focus]]
[2022.04.13-04.07.38:312][  0]LogConfig: Setting CVar [[r.DOF.Recombine.EnableBokehSettings:0    ; no bokeh simulation on slight out of focus]]
[2022.04.13-04.07.38:312][  0]LogConfig: Setting CVar [[r.DOF.TemporalAAQuality:1                ; more stable temporal accumulation]]
[2022.04.13-04.07.38:312][  0]LogConfig: Setting CVar [[r.DOF.Kernel.MaxForegroundRadius:0.025]]
[2022.04.13-04.07.38:312][  0]LogConfig: Setting CVar [[r.DOF.Kernel.MaxBackgroundRadius:0.025]]
[2022.04.13-04.07.38:312][  0]LogConfig: Applying CVar settings from Section [TextureQuality@3] File [D:/STUDIO2/ForbiddenRevelry/STUDIO2/ForbiddenRevelry/Saved/Config/Windows/Scalability.ini]
[2022.04.13-04.07.38:312][  0]LogConfig: Setting CVar [[r.Streaming.MipBias:0]]
[2022.04.13-04.07.38:312][  0]LogConfig: Setting CVar [[r.Streaming.AmortizeCPUToGPUCopy:0]]
[2022.04.13-04.07.38:312][  0]LogConfig: Setting CVar [[r.Streaming.MaxNumTexturesToStreamPerFrame:0]]
[2022.04.13-04.07.38:312][  0]LogConfig: Setting CVar [[r.Streaming.Boost:1]]
[2022.04.13-04.07.38:312][  0]LogConfig: Setting CVar [[r.MaxAnisotropy:8]]
[2022.04.13-04.07.38:312][  0]LogConfig: Setting CVar [[r.VT.MaxAnisotropy:8]]
[2022.04.13-04.07.38:312][  0]LogConfig: Setting CVar [[r.Streaming.LimitPoolSizeToVRAM:0]]
[2022.04.13-04.07.38:312][  0]LogConfig: Setting CVar [[r.Streaming.PoolSize:1000]]
[2022.04.13-04.07.38:312][  0]LogConfig: Setting CVar [[r.Streaming.MaxEffectiveScreenSize:0]]
[2022.04.13-04.07.38:312][  0]LogConfig: Applying CVar settings from Section [EffectsQuality@3] File [D:/STUDIO2/ForbiddenRevelry/STUDIO2/ForbiddenRevelry/Saved/Config/Windows/Scalability.ini]
[2022.04.13-04.07.38:312][  0]LogConfig: Setting CVar [[r.TranslucencyLightingVolumeDim:64]]
[2022.04.13-04.07.38:312][  0]LogConfig: Setting CVar [[r.RefractionQuality:2]]
[2022.04.13-04.07.38:312][  0]LogConfig: Setting CVar [[r.SSR.Quality:3]]
[2022.04.13-04.07.38:312][  0]LogConfig: Setting CVar [[r.SSR.HalfResSceneColor:0]]
[2022.04.13-04.07.38:312][  0]LogConfig: Setting CVar [[r.SceneColorFormat:4]]
[2022.04.13-04.07.38:312][  0]LogConfig: Setting CVar [[r.DetailMode:2]]
[2022.04.13-04.07.38:312][  0]LogConfig: Setting CVar [[r.TranslucencyVolumeBlur:1]]
[2022.04.13-04.07.38:312][  0]LogConfig: Setting CVar [[r.MaterialQualityLevel:1 ; High quality]]
[2022.04.13-04.07.38:312][  0]LogConfig: Setting CVar [[r.AnisotropicMaterials:1]]
[2022.04.13-04.07.38:312][  0]LogConfig: Setting CVar [[r.SSS.Scale:1]]
[2022.04.13-04.07.38:312][  0]LogConfig: Setting CVar [[r.SSS.SampleSet:2]]
[2022.04.13-04.07.38:312][  0]LogConfig: Setting CVar [[r.SSS.Quality:1]]
[2022.04.13-04.07.38:313][  0]LogConfig: Setting CVar [[r.SSS.HalfRes:0]]
[2022.04.13-04.07.38:313][  0]LogConfig: Setting CVar [[r.SSGI.Quality:3]]
[2022.04.13-04.07.38:313][  0]LogConfig: Setting CVar [[r.EmitterSpawnRateScale:1.0]]
[2022.04.13-04.07.38:313][  0]LogConfig: Setting CVar [[r.ParticleLightQuality:2]]
[2022.04.13-04.07.38:313][  0]LogConfig: Setting CVar [[r.SkyAtmosphere.AerialPerspectiveLUT.FastApplyOnOpaque:1 ; Always have FastSkyLUT 1 in this case to avoid wrong sky]]
[2022.04.13-04.07.38:313][  0]LogConfig: Setting CVar [[r.SkyAtmosphere.AerialPerspectiveLUT.SampleCountMaxPerSlice:4]]
[2022.04.13-04.07.38:313][  0]LogConfig: Setting CVar [[r.SkyAtmosphere.AerialPerspectiveLUT.DepthResolution:16.0]]
[2022.04.13-04.07.38:313][  0]LogConfig: Setting CVar [[r.SkyAtmosphere.FastSkyLUT:1]]
[2022.04.13-04.07.38:313][  0]LogConfig: Setting CVar [[r.SkyAtmosphere.FastSkyLUT.SampleCountMin:4.0]]
[2022.04.13-04.07.38:313][  0]LogConfig: Setting CVar [[r.SkyAtmosphere.FastSkyLUT.SampleCountMax:128.0]]
[2022.04.13-04.07.38:313][  0]LogConfig: Setting CVar [[r.SkyAtmosphere.SampleCountMin:4.0]]
[2022.04.13-04.07.38:313][  0]LogConfig: Setting CVar [[r.SkyAtmosphere.SampleCountMax:128.0]]
[2022.04.13-04.07.38:313][  0]LogConfig: Setting CVar [[r.SkyAtmosphere.TransmittanceLUT.UseSmallFormat:0]]
[2022.04.13-04.07.38:313][  0]LogConfig: Setting CVar [[r.SkyAtmosphere.TransmittanceLUT.SampleCount:10.0]]
[2022.04.13-04.07.38:313][  0]LogConfig: Setting CVar [[r.SkyAtmosphere.MultiScatteringLUT.SampleCount:15.0]]
[2022.04.13-04.07.38:313][  0]LogConfig: Setting CVar [[r.SkyLight.RealTimeReflectionCapture:1]]
[2022.04.13-04.07.38:313][  0]LogConfig: Applying CVar settings from Section [FoliageQuality@3] File [D:/STUDIO2/ForbiddenRevelry/STUDIO2/ForbiddenRevelry/Saved/Config/Windows/Scalability.ini]
[2022.04.13-04.07.38:313][  0]LogConfig: Setting CVar [[foliage.DensityScale:1.0]]
[2022.04.13-04.07.38:313][  0]LogConfig: Setting CVar [[grass.DensityScale:1.0]]
[2022.04.13-04.07.38:313][  0]LogConfig: Applying CVar settings from Section [ShadingQuality@3] File [D:/STUDIO2/ForbiddenRevelry/STUDIO2/ForbiddenRevelry/Saved/Config/Windows/Scalability.ini]
[2022.04.13-04.07.38:313][  0]LogConfig: Setting CVar [[r.HairStrands.SkyLighting.IntegrationType:2]]
[2022.04.13-04.07.38:313][  0]LogConfig: Setting CVar [[r.HairStrands.SkyAO.SampleCount:4]]
[2022.04.13-04.07.38:313][  0]LogConfig: Setting CVar [[r.HairStrands.Visibility.MSAA.SamplePerPixel:4]]
[2022.04.13-04.07.38:313][  0]LogConfig: Applying CVar settings from Section [Startup] File [../../../Engine/Config/ConsoleVariables.ini]
[2022.04.13-04.07.38:313][  0]LogConfig: Setting CVar [[net.UseAdaptiveNetUpdateFrequency:0]]
[2022.04.13-04.07.38:313][  0]LogConfig: Setting CVar [[p.chaos.AllowCreatePhysxBodies:1]]
[2022.04.13-04.07.38:313][  0]LogConfig: Setting CVar [[fx.SkipVectorVMBackendOptimizations:1]]
[2022.04.13-04.07.38:313][  0]LogConfig: Applying CVar settings from Section [ConsoleVariables] File [D:/STUDIO2/ForbiddenRevelry/STUDIO2/ForbiddenRevelry/Saved/Config/Windows/Engine.ini]
[2022.04.13-04.07.38:313][  0]LogConfig: Applying CVar settings from Section [ConsoleVariables] File [D:/STUDIO2/ForbiddenRevelry/STUDIO2/ForbiddenRevelry/Saved/Config/Windows/Editor.ini]
[2022.04.13-04.07.38:313][  0]LogInit: Computer: BEVERLY-PC
[2022.04.13-04.07.38:313][  0]LogInit: User: Beverly
[2022.04.13-04.07.38:313][  0]LogInit: CPU Page size=4096, Cores=6
[2022.04.13-04.07.38:313][  0]LogInit: High frequency timer resolution =10.000000 MHz
[2022.04.13-04.07.38:313][  0]LogMemory: Memory total: Physical=15.9GB (16GB approx)
[2022.04.13-04.07.38:313][  0]LogMemory: Platform Memory Stats for Windows
[2022.04.13-04.07.38:313][  0]LogMemory: Process Physical Memory: 145.99 MB used, 145.99 MB peak
[2022.04.13-04.07.38:313][  0]LogMemory: Process Virtual Memory: 131.75 MB used, 131.75 MB peak
[2022.04.13-04.07.38:313][  0]LogMemory: Physical Memory: 7709.77 MB used,  8606.80 MB free, 16316.56 MB total
[2022.04.13-04.07.38:313][  0]LogMemory: Virtual Memory: 134205344.00 MB used,  12380.47 MB free, 134217728.00 MB total
[2022.04.13-04.07.38:318][  0]LogWindows: WindowsPlatformFeatures enabled
[2022.04.13-04.07.38:354][  0]LogInit: Physics initialised using underlying interface: PhysX
[2022.04.13-04.07.38:355][  0]LogInit: Using OS detected language (en-US).
[2022.04.13-04.07.38:355][  0]LogInit: Using OS detected locale (en-US).
[2022.04.13-04.07.38:356][  0]LogTextLocalizationManager: No specific localization for 'en-US' exists, so the 'en' localization will be used.
[2022.04.13-04.07.38:511][  0]LogInit: Setting process to per monitor DPI aware
[2022.04.13-04.07.38:524][  0]LogWindowsTextInputMethodSystem: Display: IME system deactivated.
[2022.04.13-04.07.38:535][  0]LogSlate: New Slate User Created.  User Index 0, Is Virtual User: 0
[2022.04.13-04.07.38:535][  0]LogSlate: Slate User Registered.  User Index 0, Is Virtual User: 0
[2022.04.13-04.07.38:630][  0]LogD3D11RHI: Loaded GFSDK_Aftermath_Lib.x64.dll
[2022.04.13-04.07.38:633][  0]LogHMD: Failed to initialize OpenVR with code 110
[2022.04.13-04.07.38:633][  0]LogD3D11RHI: D3D11 min allowed feature level: 11_0
[2022.04.13-04.07.38:633][  0]LogD3D11RHI: D3D11 max allowed feature level: 11_0
[2022.04.13-04.07.38:633][  0]LogD3D11RHI: D3D11 adapters:
[2022.04.13-04.07.38:713][  0]LogD3D11RHI:    0. 'NVIDIA GeForce GTX 1070 Ti' (Feature Level 11_0)
[2022.04.13-04.07.38:713][  0]LogD3D11RHI:       8079/0/8158 MB DedicatedVideo/DedicatedSystem/SharedSystem, Outputs:1, VendorId:0x10de
[2022.04.13-04.07.38:716][  0]LogD3D11RHI:    1. 'Microsoft Basic Render Driver' (Feature Level 11_0)
[2022.04.13-04.07.38:716][  0]LogD3D11RHI:       0/0/8158 MB DedicatedVideo/DedicatedSystem/SharedSystem, Outputs:0, VendorId:0x1414
[2022.04.13-04.07.38:716][  0]LogD3D11RHI: Chosen D3D11 Adapter:
[2022.04.13-04.07.38:716][  0]LogD3D11RHI:     Description : NVIDIA GeForce GTX 1070 Ti
[2022.04.13-04.07.38:716][  0]LogD3D11RHI:     VendorId    : 10de
[2022.04.13-04.07.38:716][  0]LogD3D11RHI:     DeviceId    : 1b82
[2022.04.13-04.07.38:716][  0]LogD3D11RHI:     SubSysId    : 56703842
[2022.04.13-04.07.38:716][  0]LogD3D11RHI:     Revision    : 00a1
[2022.04.13-04.07.38:716][  0]LogD3D11RHI:     DedicatedVideoMemory : 8471445504 bytes
[2022.04.13-04.07.38:716][  0]LogD3D11RHI:     DedicatedSystemMemory : 0 bytes
[2022.04.13-04.07.38:716][  0]LogD3D11RHI:     SharedSystemMemory : 8554577920 bytes
[2022.04.13-04.07.38:716][  0]LogD3D11RHI:     AdapterLuid : 0 43889
[2022.04.13-04.07.38:722][  0]LogD3D11RHI: Creating new Direct3DDevice
[2022.04.13-04.07.38:722][  0]LogD3D11RHI:     GPU DeviceId: 0x1b82 (for the marketing name, search the web for "GPU Device Id")
[2022.04.13-04.07.38:722][  0]LogWindows: EnumDisplayDevices:
[2022.04.13-04.07.38:723][  0]LogWindows:    0. 'NVIDIA GeForce GTX 1070 Ti' (P:1 D:1)
[2022.04.13-04.07.38:723][  0]LogWindows:    1. 'NVIDIA GeForce GTX 1070 Ti' (P:0 D:0)
[2022.04.13-04.07.38:723][  0]LogWindows:    2. 'NVIDIA GeForce GTX 1070 Ti' (P:0 D:0)
[2022.04.13-04.07.38:723][  0]LogWindows:    3. 'NVIDIA GeForce GTX 1070 Ti' (P:0 D:0)
[2022.04.13-04.07.38:723][  0]LogWindows: DebugString: FoundDriverCount:4 
[2022.04.13-04.07.38:723][  0]LogD3D11RHI:     Adapter Name: NVIDIA GeForce GTX 1070 Ti
[2022.04.13-04.07.38:723][  0]LogD3D11RHI:   Driver Version: 456.71 (internal:27.21.14.5671, unified:456.71)
[2022.04.13-04.07.38:723][  0]LogD3D11RHI:      Driver Date: 9-30-2020
[2022.04.13-04.07.38:723][  0]LogRHI: Texture pool is 5655 MB (70% of 8079 MB)
[2022.04.13-04.07.38:723][  0]LogD3D11RHI: Creating D3DDevice using adapter:
[2022.04.13-04.07.38:723][  0]LogD3D11RHI:     Description : NVIDIA GeForce GTX 1070 Ti
[2022.04.13-04.07.38:723][  0]LogD3D11RHI:     VendorId    : 10de
[2022.04.13-04.07.38:723][  0]LogD3D11RHI:     DeviceId    : 1b82
[2022.04.13-04.07.38:723][  0]LogD3D11RHI:     SubSysId    : 56703842
[2022.04.13-04.07.38:724][  0]LogD3D11RHI:     Revision    : 00a1
[2022.04.13-04.07.38:724][  0]LogD3D11RHI:     DedicatedVideoMemory : 8471445504 bytes
[2022.04.13-04.07.38:724][  0]LogD3D11RHI:     DedicatedSystemMemory : 0 bytes
[2022.04.13-04.07.38:724][  0]LogD3D11RHI:     SharedSystemMemory : 8554577920 bytes
[2022.04.13-04.07.38:724][  0]LogD3D11RHI:     AdapterLuid : 0 43889
[2022.04.13-04.07.38:772][  0]LogD3D11RHI: RHI has support for 64 bit atomics
[2022.04.13-04.07.38:772][  0]LogD3D11RHI: Async texture creation enabled
[2022.04.13-04.07.38:772][  0]LogD3D11RHI: Array index from any shader is supported
[2022.04.13-04.07.38:797][  0]LogD3D11RHI: GPU Timing Frequency: 1000.000000 (Debug: 2 1)
[2022.04.13-04.07.38:837][  0]LogRHI: GeForceNow SDK initialized: 1
[2022.04.13-04.07.39:097][  0]LogTargetPlatformManager: Display: Loaded TargetPlatform 'AllDesktop'
[2022.04.13-04.07.39:113][  0]LogTargetPlatformManager: Display: Loaded TargetPlatform 'Android'
[2022.04.13-04.07.39:113][  0]LogTargetPlatformManager: Display: Loaded TargetPlatform 'Android_ASTC'
[2022.04.13-04.07.39:113][  0]LogTargetPlatformManager: Display: Loaded TargetPlatform 'Android_DXT'
[2022.04.13-04.07.39:113][  0]LogTargetPlatformManager: Display: Loaded TargetPlatform 'Android_ETC2'
[2022.04.13-04.07.39:113][  0]LogTargetPlatformManager: Display: Loaded TargetPlatform 'AndroidClient'
[2022.04.13-04.07.39:113][  0]LogTargetPlatformManager: Display: Loaded TargetPlatform 'Android_ASTCClient'
[2022.04.13-04.07.39:113][  0]LogTargetPlatformManager: Display: Loaded TargetPlatform 'Android_DXTClient'
[2022.04.13-04.07.39:113][  0]LogTargetPlatformManager: Display: Loaded TargetPlatform 'Android_ETC2Client'
[2022.04.13-04.07.39:113][  0]LogTargetPlatformManager: Display: Loaded TargetPlatform 'Android_Multi'
[2022.04.13-04.07.39:113][  0]LogTargetPlatformManager: Display: Loaded TargetPlatform 'Android_MultiClient'
[2022.04.13-04.07.39:127][  0]LogTargetPlatformManager: Display: Loaded TargetPlatform 'IOSClient'
[2022.04.13-04.07.39:127][  0]LogTargetPlatformManager: Display: Loaded TargetPlatform 'IOS'
[2022.04.13-04.07.39:134][  0]LogTargetPlatformManager: Display: Loaded TargetPlatform 'Linux'
[2022.04.13-04.07.39:137][  0]LogTargetPlatformManager: Display: Loaded TargetPlatform 'LinuxNoEditor'
[2022.04.13-04.07.39:140][  0]LogTargetPlatformManager: Display: Loaded TargetPlatform 'LinuxClient'
[2022.04.13-04.07.39:143][  0]LogTargetPlatformManager: Display: Loaded TargetPlatform 'LinuxServer'
[2022.04.13-04.07.39:150][  0]LogTargetPlatformManager: Display: Loaded TargetPlatform 'LinuxAArch64NoEditor'
[2022.04.13-04.07.39:154][  0]LogTargetPlatformManager: Display: Loaded TargetPlatform 'LinuxAArch64Client'
[2022.04.13-04.07.39:157][  0]LogTargetPlatformManager: Display: Loaded TargetPlatform 'LinuxAArch64Server'
[2022.04.13-04.07.39:175][  0]LogTargetPlatformManager: Display: Loaded TargetPlatform 'Lumin'
[2022.04.13-04.07.39:175][  0]LogTargetPlatformManager: Display: Loaded TargetPlatform 'LuminClient'
[2022.04.13-04.07.39:181][  0]LogTargetPlatformManager: Display: Loaded TargetPlatform 'MacNoEditor'
[2022.04.13-04.07.39:185][  0]LogTargetPlatformManager: Display: Loaded TargetPlatform 'Mac'
[2022.04.13-04.07.39:188][  0]LogTargetPlatformManager: Display: Loaded TargetPlatform 'MacClient'
[2022.04.13-04.07.39:191][  0]LogTargetPlatformManager: Display: Loaded TargetPlatform 'MacServer'
[2022.04.13-04.07.39:198][  0]LogTargetPlatformManager: Display: Loaded TargetPlatform 'TVOSClient'
[2022.04.13-04.07.39:198][  0]LogTargetPlatformManager: Display: Loaded TargetPlatform 'TVOS'
[2022.04.13-04.07.39:205][  0]LogTargetPlatformManager: Display: Loaded TargetPlatform 'WindowsNoEditor'
[2022.04.13-04.07.39:208][  0]LogTargetPlatformManager: Display: Loaded TargetPlatform 'Windows'
[2022.04.13-04.07.39:212][  0]LogTargetPlatformManager: Display: Loaded TargetPlatform 'WindowsClient'
[2022.04.13-04.07.39:215][  0]LogTargetPlatformManager: Display: Loaded TargetPlatform 'WindowsServer'
[2022.04.13-04.07.39:215][  0]LogTargetPlatformManager: Display: Building Assets For Windows
[2022.04.13-04.07.39:220][  0]LogAudioDebug: Display: Lib vorbis DLL was dynamically loaded.
[2022.04.13-04.07.39:242][  0]LogTextureFormatOodle: Display: Oodle Texture 2.9.0 init RDO Off
[2022.04.13-04.07.39:266][  0]LogRendererCore: Ray tracing is disabled. Reason: r.RayTracing=0.
[2022.04.13-04.07.39:266][  0]LogShaderCompilers: Guid format shader working directory is -17 characters bigger than the processId version (../../../../../STUDIO2/ForbiddenRevelry/STUDIO2/ForbiddenRevelry/Intermediate/Shaders/WorkingDirectory/23536/).
[2022.04.13-04.07.39:266][  0]LogShaderCompilers: Cleaned the shader compiler working directory 'C:/Users/Beverly/AppData/Local/Temp/UnrealShaderWorkingDir/CF8CA9C7458F742FF2C09C8CE5206936/'.
[2022.04.13-04.07.39:266][  0]LogXGEController: Cannot use XGE Controller as Incredibuild is not installed on this machine.
[2022.04.13-04.07.39:266][  0]LogShaderCompilers: Cannot use XGE Shader Compiler as Incredibuild is not installed on this machine.
[2022.04.13-04.07.39:266][  0]LogShaderCompilers: Display: Using Local Shader Compiler.
[2022.04.13-04.07.39:890][  0]LogDerivedDataCache: Display: Max Cache Size: 512 MB
[2022.04.13-04.07.39:963][  0]LogDerivedDataCache: Loaded boot cache 0.07s 94MB C:/Users/Beverly/AppData/Local/UnrealEngine/4.27/DerivedDataCache/Boot.ddc.
[2022.04.13-04.07.39:963][  0]LogDerivedDataCache: Display: Loaded Boot cache: C:/Users/Beverly/AppData/Local/UnrealEngine/4.27/DerivedDataCache/Boot.ddc
[2022.04.13-04.07.39:963][  0]LogDerivedDataCache: FDerivedDataBackendGraph:  Pak pak cache file ../../../../../STUDIO2/ForbiddenRevelry/STUDIO2/ForbiddenRevelry/DerivedDataCache/DDC.ddp not found, will not use a pak cache.
[2022.04.13-04.07.39:963][  0]LogDerivedDataCache: Unable to find inner node Pak for hierarchical cache Hierarchy.
[2022.04.13-04.07.39:963][  0]LogDerivedDataCache: FDerivedDataBackendGraph:  CompressedPak pak cache file ../../../../../STUDIO2/ForbiddenRevelry/STUDIO2/ForbiddenRevelry/DerivedDataCache/Compressed.ddp not found, will not use a pak cache.
[2022.04.13-04.07.39:963][  0]LogDerivedDataCache: Unable to find inner node CompressedPak for hierarchical cache Hierarchy.
[2022.04.13-04.07.39:978][  0]LogDerivedDataCache: Display: Pak cache opened for reading ../../../Engine/DerivedDataCache/Compressed.ddp.
[2022.04.13-04.07.39:978][  0]LogDerivedDataCache: FDerivedDataBackendGraph:  EnterprisePak pak cache file ../../../Enterprise/DerivedDataCache/Compressed.ddp not found, will not use a pak cache.
[2022.04.13-04.07.39:978][  0]LogDerivedDataCache: Unable to find inner node EnterprisePak for hierarchical cache Hierarchy.
[2022.04.13-04.07.39:984][  0]LogDerivedDataCache: Speed tests for C:/Users/Beverly/AppData/Local/UnrealEngine/Common/DerivedDataCache took 0.01 seconds
[2022.04.13-04.07.39:984][  0]LogDerivedDataCache: Display: Performance to C:/Users/Beverly/AppData/Local/UnrealEngine/Common/DerivedDataCache: Latency=0.03ms. RandomReadSpeed=1491.56MBs, RandomWriteSpeed=181.12MBs. Assigned SpeedClass 'Local'
[2022.04.13-04.07.39:984][  0]LogDerivedDataCache: Using Local data cache path C:/Users/Beverly/AppData/Local/UnrealEngine/Common/DerivedDataCache: Writable
[2022.04.13-04.07.39:985][  0]LogDerivedDataCache: Shared data cache path not found in *engine.ini, will not use an Shared cache.
[2022.04.13-04.07.39:985][  0]LogDerivedDataCache: Unable to find inner node Shared for hierarchical cache Hierarchy.
[2022.04.13-04.07.40:026][  0]LogSlate: Using FreeType 2.10.0
[2022.04.13-04.07.40:026][  0]LogSlate: SlateFontServices - WITH_FREETYPE: 1, WITH_HARFBUZZ: 1
[2022.04.13-04.07.40:048][  0]LogAssetRegistry: FAssetRegistry took 0.0023 seconds to start up
[2022.04.13-04.07.40:261][  0]LogInit: Selected Device Profile: [Windows]
[2022.04.13-04.07.40:261][  0]LogInit: Active device profile: [000001DA0BB4FA00][000001DA0A58C580 49] Windows
[2022.04.13-04.07.40:261][  0]LogInit: Profiles: [000001DA0BB4FA00][000001DA0A58C580 49] Windows, [000001DA0BB10700][000001DA0A594700 49] WindowsNoEditor, [000001DA0BB4C700][000001DA0A590840 49] WindowsServer, [000001DA0BB11200][000001DA0A598980 49] WindowsClient, [000001DA0BB4D100][000001DA0A59CAC0 49] IOS, [000001DA0BB13500][000001DA0A5A4C40 49] iPadAir, [000001DA0BB4F400][000001DA0A5A8DC0 49] iPadAir2, [000001DA0BAC7900][000001DA0A5B1080 49] IPadPro, [000001DA0BAC7A00][000001DA0A5AD0C0 49] iPadAir3, [000001DA0BB4EE00][000001DA0A5B5240 49] iPadAir4, [000001DA0BAC4C00][000001DA0A5B93C0 49] iPadMini2, [000001DA0BB4F500][000001DA0A5BD540 49] iPadMini3, [000001DA0BAC6900][000001DA0B78F6C0 49] iPadMini4, [000001DA0BB4EA00][000001DA0B793840 49] iPadMini5, [000001DA0BAFF200][000001DA0B79BB00 49] iPhone6, [000001DA0BAFF300][000001DA0B797B40 49] iPodTouch6, [000001DA0BAC6000][000001DA0B7A2280 49] iPhone7, [000001DA0BAC6100][000001DA0B79E2C0 49] iPodTouch7, [000001DA0BAFCB00][000001DA0B7B2440 49] iPhone5S, [000001DA0BAC7E00][000001DA0B7B65C0 49] iPhone6Plus, [000001DA0BAFEA00][000001DA0B81E740 49] iPhone6S, [000001DA0BAC5100][000001DA0B84A8C0 49] iPhone6SPlus, [000001DA0BAFF000][000001DA0A5A0A00 49] iPhone7Plus, [000001DA0BAC5300][000001DA0B856B40 49] iPhoneSE, [000001DA0BAFE200][000001DA0756EC80 49] iPhone8, [000001DA0BAC6C00][000001DA07572DC0 49] iPhone8Plus, [000001DA0BAFF600][000001DA0757AF40 49] iPhoneX, [000001DA0BAC7C00][000001DA0757F0C0 49] iPhoneXS, [000001DA0BAFC700][000001DA07583240 49] iPhoneXSMax, [000001DA0BAC7100][000001DA075873C0 49] iPhoneXR, [000001DA0BAFEB00][000001DA0758B540 49] iPhone11, [000001DA0BAC6E00][000001DA0758F6C0 49] iPhone11Pro, [000001DA0BAFE100][000001DA07593840 49] iPhone11ProMax, [000001DA0BAC4A00][000001DA075979C0 49] iPhoneSE2, [000001DA0BAFE400][000001DA0759BB40 49] iPhone12Mini, [000001DA0BAC5400][000001DA0759E140 49] iPhone12, [000001DA0BAFCD00][000001DA075A22C0 49] iPhone12Pro, [000001DA0BAC5E00][000001DA075A6440 49] iPhone12ProMax, [000001DA0BAFCC00][000001DA075AA5C0 49] iPadPro105, [000001DA0BAC5D00][000001DA075AE740 49] iPadPro129, [000001DA0BAFD800][000001DA075B28C0 49] iPadPro97, [000001DA0BAC6400][000001DA075B6A40 49] iPadPro2_129, [000001DA0BAFC600][000001DA07576B80 49] iPad5, [000001DA0BAC7B00][000001DA075BECC0 49] iPad6, [000001DA0BAFF500][000001DA075C2E00 49] iPad7, [000001DA0BAC4400][000001DA075C6F40 49] iPad8, [000001DA0BAFF400][000001DA075CF0C0 49] iPadPro11, [000001DA0BAC5C00][000001DA075D3240 49] iPadPro2_11, [000001DA0BAFDD00][000001DA075D73C0 49] iPadPro3_129, [000001DA0BAC7700][000001DA075DB540 49] iPadPro4_129, [000001DA0BAFD400][000001DA075DF6C0 49] AppleTV, [000001DA0BAC6D00][000001DA075E3840 49] AppleTV4K, [000001DA0BAFD300][000001DA075E79C0 49] TVOS, [000001DA0BAC6500][000001DA075EBB40 49] Mac, [000001DA0BAFEC00][000001DA075EE140 49] MacClient, [000001DA0BAC5800][000001DA075F22C0 49] MacNoEditor, [000001DA0BAFC900][000001DA075F6440 49] MacServer, [000001DA0BAC4800][000001DA075FA5C0 49] Linux, [000001DA0BB10B00][000001DA075FE740 49] LinuxAArch64, [000001DA0BB7D300][000001DA076028C0 49] LinuxNoEditor, [000001DA0BB12D00][000001DA0B8C6A40 49] LinuxAArch64NoEditor, [000001DA0BB7CB00][000001DA0B8CABC0 49] LinuxClient, [000001DA0BB11000][000001DA0B8CED40 49] LinuxAArch64Client, [000001DA0BB7D700][000001DA075CAE80 49] LinuxServer, [000001DA0BB11700][000001DA0B8D2FC0 49] LinuxAArch64Server, [000001DA0BB7E200][000001DA0B8D7100 49] Android, [000001DA0BB12700][000001DA0B927280 49] Android_Low, [000001DA0BB7C700][000001DA0B933400 49] Android_Mid, [000001DA0BB12900][000001DA0B937580 49] Android_High, [000001DA0BB7DF00][000001DA0B93B700 49] Android_Default, [000001DA0BB10500][000001DA0B93F880 49] Android_Adreno4xx, [000001DA0BB7CE00][000001DA0B943A00 49] Android_Adreno5xx_Low, [000001DA0BB10400][000001DA0B947B80 49] Android_Adreno5xx, [000001DA0BB7C500][000001DA0B94A180 49] Android_Adreno6xx, [000001DA0BB13100][000001DA0B94E300 49] Android_Adreno6xx_Vulkan, [000001DA0BB7C400][000001DA0B952480 49] Android_Mali_T6xx, [000001DA0BB10C00][000001DA0B956600 49] Android_Mali_T7xx, [000001DA0BB7E000][000001DA0B95A780 49] Android_Mali_T8xx, [000001DA0BB10200][000001DA0B95E900 49] Android_Mali_G71, [000001DA0BB7C600][000001DA0B962A80 49] Android_Mali_G72, [000001DA0BB11D00][000001DA0B966C00 49] Android_Mali_G72_Vulkan, [000001DA0BB7D200][000001DA0B96AD80 49] Android_Mali_G76, [000001DA0BAC4100][000001DA0B96EF00 49] Android_Mali_G76_Vulkan, [000001DA0BB7D600][000001DA0B923040 49] Android_Mali_G77, [000001DA0BAC5200][000001DA0B973180 49] Android_Mali_G77_Vulkan, [000001DA0BB7EF00][000001DA0B9772C0 49] Android_Mali_G78, [000001DA0BAC4200][000001DA0B97F440 49] Android_Mali_G78_Vulkan, [000001DA0BB7F000][000001DA0B9835C0 49] Android_Mali_G710, [000001DA0BAC7000][000001DA0B987740 49] Android_Mali_G710_Vulkan, [000001DA0BB7D400][000001DA0B98B8C0 49] Android_Vulkan_SM5, [000001DA0BAC6A00][000001DA0B98FA40 49] Android_PowerVR_G6xxx, [000001DA0BB7EC00][000001DA0B993BC0 49] Android_PowerVR_GT7xxx, [000001DA0BAC7300][000001DA0B9961C0 49] Android_PowerVR_GE8xxx, [000001DA0BB7DB00][000001DA0B99A340 49] Android_PowerVR_GM9xxx, [000001DA0BAC7D00][000001DA0B99E4C0 49] Android_PowerVR_GM9xxx_Vulkan, [000001DA0BB7EE00][000001DA0B9A2640 49] Android_TegraK1, [000001DA0BAC6300][000001DA0B9A67C0 49] Android_Unknown_Vulkan, [000001DA0BB7C200][000001DA0B9AA940 49] Lumin, [000001DA0BAC4D00][000001DA0B9AEAC0 49] Lumin_Desktop, [000001DA0BB7D500][000001DA0B9B2C40 49] HoloLens, 
[2022.04.13-04.07.40:433][  0]LogMeshReduction: Using QuadricMeshReduction for automatic static mesh reduction
[2022.04.13-04.07.40:433][  0]LogMeshReduction: Using SimplygonMeshReduction for automatic skeletal mesh reduction
[2022.04.13-04.07.40:433][  0]LogMeshReduction: Using ProxyLODMeshReduction for automatic mesh merging
[2022.04.13-04.07.40:433][  0]LogMeshReduction: No distributed automatic mesh merging module available
[2022.04.13-04.07.40:433][  0]LogMeshMerging: No distributed automatic mesh merging module available
[2022.04.13-04.07.40:446][  0]LogNetVersion: ForbiddenRevelry 1.0.0, NetCL: 17155196, EngineNetVer: 17, GameNetVer: 0 (Checksum: 411346279)
[2022.04.13-04.07.40:771][  0]LogTexture: Default maximum texture size for cubemaps generated from long-lat sources has been changed from 512 to unlimited. In order to preserve old behaiour for '/Engine/MapTemplates/Sky/DaylightAmbientCubemap.DaylightAmbientCubemap', its maximum texture size has been explicitly set to 512.
[2022.04.13-04.07.40:829][  0]LogHMD: PokeAHoleMaterial loaded successfully
[2022.04.13-04.07.40:835][  0]LogUObjectArray: 17178 objects as part of root set at end of initial load.
[2022.04.13-04.07.40:835][  0]LogUObjectAllocator: 4302048 out of 0 bytes used by permanent object pool.
[2022.04.13-04.07.40:835][  0]LogUObjectArray: CloseDisregardForGC: 0/0 objects in disregard for GC pool
[2022.04.13-04.07.41:030][  0]LogNiagaraDebuggerClient: Niagara Debugger Client Initialized | Session: 6E6FBEE8481F73FC36AC77815A6D5F73 | Instance: CF9A849449065F8181BDE58E358C466D (BEVERLY-PC-23536).
[2022.04.13-04.07.41:126][  0]LogTcpMessaging: Initializing TcpMessaging bridge
[2022.04.13-04.07.41:130][  0]LogUdpMessaging: Initializing bridge on interface 0.0.0.0:0 to multicast group 230.0.0.1:6666.
[2022.04.13-04.07.41:152][  0]LogPython: Using Python 3.7.7
[2022.04.13-04.07.41:707][  0]SourceControl: Source control is disabled
[2022.04.13-04.07.41:707][  0]SourceControl: Source control is disabled
[2022.04.13-04.07.41:718][  0]SourceControl: Source control is disabled
[2022.04.13-04.07.41:720][  0]SourceControl: Source control is disabled
[2022.04.13-04.07.41:726][  0]SourceControl: Source control is disabled
[2022.04.13-04.07.41:752][  0]LogUProjectInfo: Found projects:
[2022.04.13-04.07.41:768][  0]LogVSAccessor: Display: Unable to create Visual Studio setup instance: 80040154
[2022.04.13-04.07.41:768][  0]LogVSAccessor: Display: Unable to create Visual Studio setup instance: 80040154
[2022.04.13-04.07.41:769][  0]LogVSAccessor: Display: Unable to create Visual Studio setup instance: 80040154
[2022.04.13-04.07.41:895][  0]LogOpenImageDenoise: OIDN starting up
[2022.04.13-04.07.41:904][  0]LogAndroidPermission: UAndroidPermissionCallbackProxy::GetInstance
[2022.04.13-04.07.41:921][  0]LogAudioCaptureCore: Display: No Audio Capture implementations found. Audio input will be silent.
[2022.04.13-04.07.41:921][  0]LogAudioCaptureCore: Display: No Audio Capture implementations found. Audio input will be silent.
[2022.04.13-04.07.42:016][  0]LogCollectionManager: Loaded 0 collections in 0.000632 seconds
[2022.04.13-04.07.42:023][  0]LogFileCache: Scanning file cache for directory 'D:/STUDIO2/ForbiddenRevelry/STUDIO2/ForbiddenRevelry/Saved/Collections/' took 0.00s
[2022.04.13-04.07.42:023][  0]LogFileCache: Scanning file cache for directory 'D:/STUDIO2/ForbiddenRevelry/STUDIO2/ForbiddenRevelry/Content/Developers/Beverly/Collections/' took 0.00s
[2022.04.13-04.07.42:023][  0]LogFileCache: Scanning file cache for directory 'D:/STUDIO2/ForbiddenRevelry/STUDIO2/ForbiddenRevelry/Content/Collections/' took 0.00s
[2022.04.13-04.07.42:039][  0]LogOcInput: OculusInput pre-init called
[2022.04.13-04.07.42:243][  0]LogEngine: Initializing Engine...
[2022.04.13-04.07.42:244][  0]LogHMD: Failed to enumerate extensions. Please check that you have a valid OpenXR runtime installed.
[2022.04.13-04.07.42:244][  0]LogHMD: Failed to initialize OpenVR with code 110
[2022.04.13-04.07.42:244][  0]LogMagicLeap: Warning: VR disabled because ZI is not enabled.  To enable, in the editor, Edit -> Project Settings -> Plugins -> Magic Leap Plugin -> Enable Zero Iteration
[2022.04.13-04.07.42:246][  0]LogStats: UGameplayTagsManager::InitializeManager -  0.000 s
[2022.04.13-04.07.42:342][  0]LogInit: Initializing FReadOnlyCVARCache
[2022.04.13-04.07.42:349][  0]LogAIModule: Creating AISystem for world Untitled
[2022.04.13-04.07.42:362][  0]LogAudio: Display: Initializing Audio Device Manager...
[2022.04.13-04.07.42:365][  0]LogAudio: Display: Loading Default Audio Settings Objects...
[2022.04.13-04.07.42:365][  0]LogAudio: Display: No default SoundConcurrencyObject specified (or failed to load).
[2022.04.13-04.07.42:366][  0]LogAudio: Display: Audio Device Manager Initialized
[2022.04.13-04.07.42:366][  0]LogAudio: Display: Creating Audio Device:                 Id: 1, Scope: Shared, Realtime: True
[2022.04.13-04.07.42:366][  0]LogAudioMixer: Display: Audio Mixer Platform Settings:
[2022.04.13-04.07.42:366][  0]LogAudioMixer: Display: 	Sample Rate:						  48000
[2022.04.13-04.07.42:366][  0]LogAudioMixer: Display: 	Callback Buffer Frame Size Requested: 1024
[2022.04.13-04.07.42:366][  0]LogAudioMixer: Display: 	Callback Buffer Frame Size To Use:	  1024
[2022.04.13-04.07.42:366][  0]LogAudioMixer: Display: 	Number of buffers to queue:			  2
[2022.04.13-04.07.42:366][  0]LogAudioMixer: Display: 	Max Channels (voices):				  32
[2022.04.13-04.07.42:366][  0]LogAudioMixer: Display: 	Number of Async Source Workers:		  0
[2022.04.13-04.07.42:366][  0]LogAudio: Display: AudioDevice MaxSources: 32
[2022.04.13-04.07.42:366][  0]LogAudio: Display: Audio Spatialization Plugin: None (built-in).
[2022.04.13-04.07.42:366][  0]LogAudio: Display: Audio Reverb Plugin: None (built-in).
[2022.04.13-04.07.42:366][  0]LogAudio: Display: Audio Occlusion Plugin: None (built-in).
[2022.04.13-04.07.42:366][  0]LogAudioMixer: Display: Initializing audio mixer.
[2022.04.13-04.07.42:377][  0]LogAudioMixer: Display: 0: FrontLeft
[2022.04.13-04.07.42:377][  0]LogAudioMixer: Display: 1: FrontRight
[2022.04.13-04.07.42:392][  0]LogAudioMixer: Display: Using Audio Device Headset Earphone (HyperX Virtual Surround Sound)
[2022.04.13-04.07.42:394][  0]LogAudioMixer: Display: Initializing Sound Submixes...
[2022.04.13-04.07.42:396][  0]LogAudioMixer: Display: Creating Master Submix 'MasterSubmixDefault'
[2022.04.13-04.07.42:396][  0]LogAudioMixer: Display: Creating Master Submix 'MasterReverbSubmixDefault'
[2022.04.13-04.07.42:397][  0]LogAudioMixer: Display: Creating Master Submix 'MasterEQSubmixDefault'
[2022.04.13-04.07.42:397][  0]LogAudioMixer: FMixerPlatformXAudio2::StartAudioStream() called
[2022.04.13-04.07.42:397][  0]LogAudioMixer: Display: Output buffers initialized: Frames=1024, Channels=2, Samples=2048
[2022.04.13-04.07.42:397][  0]LogAudioMixer: Display: Starting AudioMixerPlatformInterface::RunInternal()
[2022.04.13-04.07.42:397][  0]LogAudioMixer: Display: FMixerPlatformXAudio2::SubmitBuffer() called for the first time
[2022.04.13-04.07.42:397][  0]LogInit: FAudioDevice initialized.
[2022.04.13-04.07.42:398][  0]LogAudio: Display: Audio Device (ID: 1) registered with world 'Untitled'.
[2022.04.13-04.07.42:398][  0]LogNetVersion: Set ProjectVersion to 1.0.0.0. Version Checksum will be recalculated on next use.
[2022.04.13-04.07.42:533][  0]LogDerivedDataCache: Saved boot cache 0.13s 94MB C:/Users/Beverly/AppData/Local/UnrealEngine/4.27/DerivedDataCache/Boot.ddc.
[2022.04.13-04.07.42:533][  0]LogInit: Texture streaming: Enabled
[2022.04.13-04.07.42:542][  0]LogAnalytics: Display: [UEEditor.Rocket.Release] APIServer = https://datarouter.ol.epicgames.com/. AppVersion = 4.27.2-18319896+++UE4+Release-4.27
[2022.04.13-04.07.42:545][  0]LogEngineSessionManager: EngineSessionManager initialized
[2022.04.13-04.07.42:545][  0]LogEditorSessionSummary: Verbose: Initializing EditorSessionSummaryWriter for editor session tracking
[2022.04.13-04.07.42:551][  0]LogEditorSessionSummary: EditorSessionSummaryWriter initialized
[2022.04.13-04.07.42:570][  0]LogInit: Transaction tracking system initialized
[2022.04.13-04.07.42:585][  0]BlueprintLog: New page: Editor Load
[2022.04.13-04.07.42:627][  0]LocalizationService: Localization service is disabled
[2022.04.13-04.07.42:642][  0]TimingProfiler: Initialize
[2022.04.13-04.07.42:643][  0]TimingProfiler: OnSessionChanged
[2022.04.13-04.07.42:643][  0]LoadingProfiler: Initialize
[2022.04.13-04.07.42:643][  0]LoadingProfiler: OnSessionChanged
[2022.04.13-04.07.42:643][  0]NetworkingProfiler: Initialize
[2022.04.13-04.07.42:643][  0]NetworkingProfiler: OnSessionChanged
[2022.04.13-04.07.42:643][  0]MemoryProfiler: Initialize
[2022.04.13-04.07.42:643][  0]MemoryProfiler: OnSessionChanged
[2022.04.13-04.07.42:681][  0]LogVSAccessor: Display: Unable to create Visual Studio setup instance: 80040154
[2022.04.13-04.07.42:682][  0]LogVSAccessor: Display: Unable to create Visual Studio setup instance: 80040154
[2022.04.13-04.07.42:682][  0]LogVSAccessor: Display: Unable to create Visual Studio setup instance: 80040154
[2022.04.13-04.07.42:745][  0]LogCook: Display: CookSettings for Memory: MemoryMaxUsedVirtual 0MiB, MemoryMaxUsedPhysical 16384MiB, MemoryMinFreeVirtual 0MiB, MemoryMinFreePhysical 1024MiB
[2022.04.13-04.07.42:745][  0]LogCook: Display: Mobile HDR setting 1
[2022.04.13-04.07.42:885][  0]LogFileCache: Scanning file cache for directory 'D:/STUDIO2/ForbiddenRevelry/STUDIO2/ForbiddenRevelry/Content/' took 0.01s
[2022.04.13-04.07.43:041][  0]LogInit: Display: Engine is initialized. Leaving FEngineLoop::Init()
[2022.04.13-04.07.43:043][  0]SourceControl: Source control is disabled
[2022.04.13-04.07.43:043][  0]LogUnrealEdMisc: Loading editor; pre map load, took 5.577
[2022.04.13-04.07.43:043][  0]Cmd: MAP LOAD FILE="../../../../../STUDIO2/ForbiddenRevelry/STUDIO2/ForbiddenRevelry/Content/FirstPersonBP/Maps/FirstPersonExampleMap.umap" TEMPLATE=0 SHOWPROGRESS=1 FEATURELEVEL=3
[2022.04.13-04.07.43:044][  0]LightingResults: New page: Lighting Build
[2022.04.13-04.07.43:045][  0]LogWorld: UWorld::CleanupWorld for Untitled, bSessionEnded=true, bCleanupResources=true
[2022.04.13-04.07.43:045][  0]LogSlate: InvalidateAllWidgets triggered.  All widgets were invalidated
[2022.04.13-04.07.43:045][  0]MapCheck: New page: Map Check
[2022.04.13-04.07.43:045][  0]LightingResults: New page: Lighting Build
[2022.04.13-04.07.43:049][  0]LogAudio: Display: Audio Device unregistered from world 'None'.
[2022.04.13-04.07.43:051][  0]LogUObjectHash: Compacting FUObjectHashTables data took   0.64ms
[2022.04.13-04.07.43:246][  0]LogAudio: Display: Audio Device (ID: 1) registered with world 'FirstPersonExampleMap'.
[2022.04.13-04.07.43:247][  0]LogAIModule: Creating AISystem for world FirstPersonExampleMap
[2022.04.13-04.07.43:253][  0]LogEditorServer: Finished looking for orphan Actors (0.000 secs)
[2022.04.13-04.07.43:261][  0]LogUObjectHash: Compacting FUObjectHashTables data took   0.70ms
[2022.04.13-04.07.43:261][  0]Cmd: MAP CHECKDEP NOCLEARLOG
[2022.04.13-04.07.43:262][  0]MapCheck: Map check complete: 0 Error(s), 0 Warning(s), took 0.088ms to complete.
[2022.04.13-04.07.43:262][  0]LogFileHelpers: Loading map 'FirstPersonExampleMap' took 0.219
[2022.04.13-04.07.43:263][  0]LogUnrealEdMisc: Total Editor Startup Time, took 5.797
[2022.04.13-04.07.43:386][  0]LogSlate: Updating window title bar state: overlay mode, drag disabled, window buttons hidden, title bar hidden
[2022.04.13-04.07.43:392][  0]LogSlate: Updating window title bar state: overlay mode, drag disabled, window buttons hidden, title bar hidden
[2022.04.13-04.07.43:397][  0]LogSlate: Updating window title bar state: overlay mode, drag disabled, window buttons hidden, title bar hidden
[2022.04.13-04.07.43:401][  0]LogSlate: Updating window title bar state: overlay mode, drag disabled, window buttons hidden, title bar hidden
[2022.04.13-04.07.43:412][  0]LogNativeClassHierarchy: Verbose: Native class hierarchy populated in 0.0079 seconds. Added 3822 classes and 928 folders.
[2022.04.13-04.07.43:416][  0]LogNativeClassHierarchy: Verbose: Native class hierarchy updated for 'WidgetCarousel' in 0.0002 seconds. Added 0 classes and 0 folders.
[2022.04.13-04.07.43:417][  0]LogPakFile: PakFile PrimaryIndexSize=187
[2022.04.13-04.07.43:417][  0]LogPakFile: PakFile PathHashIndexSize=101
[2022.04.13-04.07.43:417][  0]LogPakFile: PakFile FullDirectoryIndexSize=148
[2022.04.13-04.07.43:417][  0]LogShaderLibrary: Display: ShaderCodeLibraryPakFileMountedCallback: PakFile 'D:/epic games/UE_4.27/FeaturePacks/FP_FirstPerson.upack' (chunk index -1, root 'root:/') mounted
[2022.04.13-04.07.43:417][  0]LogShaderLibrary: Display: ShaderCodeLibraryPakFileMountedCallback: pending pak file info (ChunkID:-1 Root:root:/ File:D:/epic games/UE_4.27/FeaturePacks/FP_FirstPerson.upack)
[2022.04.13-04.07.43:417][  0]LogPakFile: OnPakFileMounted2Time == 0.000051
[2022.04.13-04.07.43:417][  0]LogPakFile: PakFile PrimaryIndexSize=189
[2022.04.13-04.07.43:417][  0]LogPakFile: PakFile PathHashIndexSize=101
[2022.04.13-04.07.43:417][  0]LogPakFile: PakFile FullDirectoryIndexSize=152
[2022.04.13-04.07.43:417][  0]LogShaderLibrary: Display: ShaderCodeLibraryPakFileMountedCallback: PakFile 'D:/epic games/UE_4.27/FeaturePacks/FP_FirstPersonBP.upack' (chunk index -1, root 'root:/') mounted
[2022.04.13-04.07.43:417][  0]LogShaderLibrary: Display: ShaderCodeLibraryPakFileMountedCallback: pending pak file info (ChunkID:-1 Root:root:/ File:D:/epic games/UE_4.27/FeaturePacks/FP_FirstPersonBP.upack)
[2022.04.13-04.07.43:417][  0]LogPakFile: OnPakFileMounted2Time == 0.000035
[2022.04.13-04.07.43:418][  0]LogPakFile: PakFile PrimaryIndexSize=191
[2022.04.13-04.07.43:418][  0]LogPakFile: PakFile PathHashIndexSize=101
[2022.04.13-04.07.43:418][  0]LogPakFile: PakFile FullDirectoryIndexSize=160
[2022.04.13-04.07.43:418][  0]LogShaderLibrary: Display: ShaderCodeLibraryPakFileMountedCallback: PakFile 'D:/epic games/UE_4.27/FeaturePacks/MobileStarterContent.upack' (chunk index -1, root 'root:/') mounted
[2022.04.13-04.07.43:418][  0]LogShaderLibrary: Display: ShaderCodeLibraryPakFileMountedCallback: pending pak file info (ChunkID:-1 Root:root:/ File:D:/epic games/UE_4.27/FeaturePacks/MobileStarterContent.upack)
[2022.04.13-04.07.43:418][  0]LogPakFile: OnPakFileMounted2Time == 0.000031
[2022.04.13-04.07.43:418][  0]LogPakFile: PakFile PrimaryIndexSize=185
[2022.04.13-04.07.43:418][  0]LogPakFile: PakFile PathHashIndexSize=101
[2022.04.13-04.07.43:418][  0]LogPakFile: PakFile FullDirectoryIndexSize=148
[2022.04.13-04.07.43:418][  0]LogShaderLibrary: Display: ShaderCodeLibraryPakFileMountedCallback: PakFile 'D:/epic games/UE_4.27/FeaturePacks/StarterContent.upack' (chunk index -1, root 'root:/') mounted
[2022.04.13-04.07.43:418][  0]LogShaderLibrary: Display: ShaderCodeLibraryPakFileMountedCallback: pending pak file info (ChunkID:-1 Root:root:/ File:D:/epic games/UE_4.27/FeaturePacks/StarterContent.upack)
[2022.04.13-04.07.43:418][  0]LogPakFile: OnPakFileMounted2Time == 0.000033
[2022.04.13-04.07.43:418][  0]LogPakFile: PakFile PrimaryIndexSize=190
[2022.04.13-04.07.43:418][  0]LogPakFile: PakFile PathHashIndexSize=101
[2022.04.13-04.07.43:418][  0]LogPakFile: PakFile FullDirectoryIndexSize=154
[2022.04.13-04.07.43:418][  0]LogShaderLibrary: Display: ShaderCodeLibraryPakFileMountedCallback: PakFile 'D:/epic games/UE_4.27/FeaturePacks/TP_2DSideScroller.upack' (chunk index -1, root 'root:/') mounted
[2022.04.13-04.07.43:418][  0]LogShaderLibrary: Display: ShaderCodeLibraryPakFileMountedCallback: pending pak file info (ChunkID:-1 Root:root:/ File:D:/epic games/UE_4.27/FeaturePacks/TP_2DSideScroller.upack)
[2022.04.13-04.07.43:418][  0]LogPakFile: OnPakFileMounted2Time == 0.000032
[2022.04.13-04.07.43:419][  0]LogPakFile: PakFile PrimaryIndexSize=192
[2022.04.13-04.07.43:419][  0]LogPakFile: PakFile PathHashIndexSize=101
[2022.04.13-04.07.43:419][  0]LogPakFile: PakFile FullDirectoryIndexSize=158
[2022.04.13-04.07.43:419][  0]LogShaderLibrary: Display: ShaderCodeLibraryPakFileMountedCallback: PakFile 'D:/epic games/UE_4.27/FeaturePacks/TP_2DSideScrollerBP.upack' (chunk index -1, root 'root:/') mounted
[2022.04.13-04.07.43:419][  0]LogShaderLibrary: Display: ShaderCodeLibraryPakFileMountedCallback: pending pak file info (ChunkID:-1 Root:root:/ File:D:/epic games/UE_4.27/FeaturePacks/TP_2DSideScrollerBP.upack)
[2022.04.13-04.07.43:419][  0]LogPakFile: OnPakFileMounted2Time == 0.000031
[2022.04.13-04.07.43:419][  0]LogPakFile: PakFile PrimaryIndexSize=182
[2022.04.13-04.07.43:419][  0]LogPakFile: PakFile PathHashIndexSize=101
[2022.04.13-04.07.43:419][  0]LogPakFile: PakFile FullDirectoryIndexSize=138
[2022.04.13-04.07.43:419][  0]LogShaderLibrary: Display: ShaderCodeLibraryPakFileMountedCallback: PakFile 'D:/epic games/UE_4.27/FeaturePacks/TP_Flying.upack' (chunk index -1, root 'root:/') mounted
[2022.04.13-04.07.43:419][  0]LogShaderLibrary: Display: ShaderCodeLibraryPakFileMountedCallback: pending pak file info (ChunkID:-1 Root:root:/ File:D:/epic games/UE_4.27/FeaturePacks/TP_Flying.upack)
[2022.04.13-04.07.43:419][  0]LogPakFile: OnPakFileMounted2Time == 0.000031
[2022.04.13-04.07.43:420][  0]LogPakFile: PakFile PrimaryIndexSize=184
[2022.04.13-04.07.43:420][  0]LogPakFile: PakFile PathHashIndexSize=101
[2022.04.13-04.07.43:420][  0]LogPakFile: PakFile FullDirectoryIndexSize=142
[2022.04.13-04.07.43:420][  0]LogShaderLibrary: Display: ShaderCodeLibraryPakFileMountedCallback: PakFile 'D:/epic games/UE_4.27/FeaturePacks/TP_FlyingBP.upack' (chunk index -1, root 'root:/') mounted
[2022.04.13-04.07.43:420][  0]LogShaderLibrary: Display: ShaderCodeLibraryPakFileMountedCallback: pending pak file info (ChunkID:-1 Root:root:/ File:D:/epic games/UE_4.27/FeaturePacks/TP_FlyingBP.upack)
[2022.04.13-04.07.43:420][  0]LogPakFile: OnPakFileMounted2Time == 0.000034
[2022.04.13-04.07.43:420][  0]LogPakFile: PakFile PrimaryIndexSize=188
[2022.04.13-04.07.43:420][  0]LogPakFile: PakFile PathHashIndexSize=101
[2022.04.13-04.07.43:420][  0]LogPakFile: PakFile FullDirectoryIndexSize=150
[2022.04.13-04.07.43:420][  0]LogShaderLibrary: Display: ShaderCodeLibraryPakFileMountedCallback: PakFile 'D:/epic games/UE_4.27/FeaturePacks/TP_HandheldARBP.upack' (chunk index -1, root 'root:/') mounted
[2022.04.13-04.07.43:420][  0]LogShaderLibrary: Display: ShaderCodeLibraryPakFileMountedCallback: pending pak file info (ChunkID:-1 Root:root:/ File:D:/epic games/UE_4.27/FeaturePacks/TP_HandheldARBP.upack)
[2022.04.13-04.07.43:420][  0]LogPakFile: OnPakFileMounted2Time == 0.000031
[2022.04.13-04.07.43:421][  0]LogPakFile: PakFile PrimaryIndexSize=182
[2022.04.13-04.07.43:421][  0]LogPakFile: PakFile PathHashIndexSize=101
[2022.04.13-04.07.43:421][  0]LogPakFile: PakFile FullDirectoryIndexSize=138
[2022.04.13-04.07.43:421][  0]LogShaderLibrary: Display: ShaderCodeLibraryPakFileMountedCallback: PakFile 'D:/epic games/UE_4.27/FeaturePacks/TP_Puzzle.upack' (chunk index -1, root 'root:/') mounted
[2022.04.13-04.07.43:421][  0]LogShaderLibrary: Display: ShaderCodeLibraryPakFileMountedCallback: pending pak file info (ChunkID:-1 Root:root:/ File:D:/epic games/UE_4.27/FeaturePacks/TP_Puzzle.upack)
[2022.04.13-04.07.43:421][  0]LogPakFile: OnPakFileMounted2Time == 0.000031
[2022.04.13-04.07.43:421][  0]LogPakFile: PakFile PrimaryIndexSize=184
[2022.04.13-04.07.43:421][  0]LogPakFile: PakFile PathHashIndexSize=101
[2022.04.13-04.07.43:421][  0]LogPakFile: PakFile FullDirectoryIndexSize=142
[2022.04.13-04.07.43:421][  0]LogShaderLibrary: Display: ShaderCodeLibraryPakFileMountedCallback: PakFile 'D:/epic games/UE_4.27/FeaturePacks/TP_PuzzleBP.upack' (chunk index -1, root 'root:/') mounted
[2022.04.13-04.07.43:421][  0]LogShaderLibrary: Display: ShaderCodeLibraryPakFileMountedCallback: pending pak file info (ChunkID:-1 Root:root:/ File:D:/epic games/UE_4.27/FeaturePacks/TP_PuzzleBP.upack)
[2022.04.13-04.07.43:421][  0]LogPakFile: OnPakFileMounted2Time == 0.000031
[2022.04.13-04.07.43:422][  0]LogPakFile: PakFile PrimaryIndexSize=183
[2022.04.13-04.07.43:422][  0]LogPakFile: PakFile PathHashIndexSize=101
[2022.04.13-04.07.43:422][  0]LogPakFile: PakFile FullDirectoryIndexSize=140
[2022.04.13-04.07.43:422][  0]LogShaderLibrary: Display: ShaderCodeLibraryPakFileMountedCallback: PakFile 'D:/epic games/UE_4.27/FeaturePacks/TP_Rolling.upack' (chunk index -1, root 'root:/') mounted
[2022.04.13-04.07.43:422][  0]LogShaderLibrary: Display: ShaderCodeLibraryPakFileMountedCallback: pending pak file info (ChunkID:-1 Root:root:/ File:D:/epic games/UE_4.27/FeaturePacks/TP_Rolling.upack)
[2022.04.13-04.07.43:422][  0]LogPakFile: OnPakFileMounted2Time == 0.000031
[2022.04.13-04.07.43:422][  0]LogPakFile: PakFile PrimaryIndexSize=185
[2022.04.13-04.07.43:422][  0]LogPakFile: PakFile PathHashIndexSize=101
[2022.04.13-04.07.43:422][  0]LogPakFile: PakFile FullDirectoryIndexSize=144
[2022.04.13-04.07.43:422][  0]LogShaderLibrary: Display: ShaderCodeLibraryPakFileMountedCallback: PakFile 'D:/epic games/UE_4.27/FeaturePacks/TP_RollingBP.upack' (chunk index -1, root 'root:/') mounted
[2022.04.13-04.07.43:422][  0]LogShaderLibrary: Display: ShaderCodeLibraryPakFileMountedCallback: pending pak file info (ChunkID:-1 Root:root:/ File:D:/epic games/UE_4.27/FeaturePacks/TP_RollingBP.upack)
[2022.04.13-04.07.43:422][  0]LogPakFile: OnPakFileMounted2Time == 0.000031
[2022.04.13-04.07.43:422][  0]LogPakFile: PakFile PrimaryIndexSize=188
[2022.04.13-04.07.43:422][  0]LogPakFile: PakFile PathHashIndexSize=101
[2022.04.13-04.07.43:422][  0]LogPakFile: PakFile FullDirectoryIndexSize=150
[2022.04.13-04.07.43:422][  0]LogShaderLibrary: Display: ShaderCodeLibraryPakFileMountedCallback: PakFile 'D:/epic games/UE_4.27/FeaturePacks/TP_SideScroller.upack' (chunk index -1, root 'root:/') mounted
[2022.04.13-04.07.43:422][  0]LogShaderLibrary: Display: ShaderCodeLibraryPakFileMountedCallback: pending pak file info (ChunkID:-1 Root:root:/ File:D:/epic games/UE_4.27/FeaturePacks/TP_SideScroller.upack)
[2022.04.13-04.07.43:422][  0]LogPakFile: OnPakFileMounted2Time == 0.000031
[2022.04.13-04.07.43:423][  0]LogPakFile: PakFile PrimaryIndexSize=190
[2022.04.13-04.07.43:423][  0]LogPakFile: PakFile PathHashIndexSize=101
[2022.04.13-04.07.43:423][  0]LogPakFile: PakFile FullDirectoryIndexSize=154
[2022.04.13-04.07.43:423][  0]LogShaderLibrary: Display: ShaderCodeLibraryPakFileMountedCallback: PakFile 'D:/epic games/UE_4.27/FeaturePacks/TP_SideScrollerBP.upack' (chunk index -1, root 'root:/') mounted
[2022.04.13-04.07.43:423][  0]LogShaderLibrary: Display: ShaderCodeLibraryPakFileMountedCallback: pending pak file info (ChunkID:-1 Root:root:/ File:D:/epic games/UE_4.27/FeaturePacks/TP_SideScrollerBP.upack)
[2022.04.13-04.07.43:423][  0]LogPakFile: OnPakFileMounted2Time == 0.000031
[2022.04.13-04.07.43:423][  0]LogPakFile: PakFile PrimaryIndexSize=187
[2022.04.13-04.07.43:423][  0]LogPakFile: PakFile PathHashIndexSize=101
[2022.04.13-04.07.43:423][  0]LogPakFile: PakFile FullDirectoryIndexSize=148
[2022.04.13-04.07.43:423][  0]LogShaderLibrary: Display: ShaderCodeLibraryPakFileMountedCallback: PakFile 'D:/epic games/UE_4.27/FeaturePacks/TP_ThirdPerson.upack' (chunk index -1, root 'root:/') mounted
[2022.04.13-04.07.43:423][  0]LogShaderLibrary: Display: ShaderCodeLibraryPakFileMountedCallback: pending pak file info (ChunkID:-1 Root:root:/ File:D:/epic games/UE_4.27/FeaturePacks/TP_ThirdPerson.upack)
[2022.04.13-04.07.43:423][  0]LogPakFile: OnPakFileMounted2Time == 0.000031
[2022.04.13-04.07.43:424][  0]LogPakFile: PakFile PrimaryIndexSize=189
[2022.04.13-04.07.43:424][  0]LogPakFile: PakFile PathHashIndexSize=101
[2022.04.13-04.07.43:424][  0]LogPakFile: PakFile FullDirectoryIndexSize=152
[2022.04.13-04.07.43:424][  0]LogShaderLibrary: Display: ShaderCodeLibraryPakFileMountedCallback: PakFile 'D:/epic games/UE_4.27/FeaturePacks/TP_ThirdPersonBP.upack' (chunk index -1, root 'root:/') mounted
[2022.04.13-04.07.43:424][  0]LogShaderLibrary: Display: ShaderCodeLibraryPakFileMountedCallback: pending pak file info (ChunkID:-1 Root:root:/ File:D:/epic games/UE_4.27/FeaturePacks/TP_ThirdPersonBP.upack)
[2022.04.13-04.07.43:424][  0]LogPakFile: OnPakFileMounted2Time == 0.000031
[2022.04.13-04.07.43:424][  0]LogPakFile: PakFile PrimaryIndexSize=183
[2022.04.13-04.07.43:424][  0]LogPakFile: PakFile PathHashIndexSize=101
[2022.04.13-04.07.43:424][  0]LogPakFile: PakFile FullDirectoryIndexSize=140
[2022.04.13-04.07.43:424][  0]LogShaderLibrary: Display: ShaderCodeLibraryPakFileMountedCallback: PakFile 'D:/epic games/UE_4.27/FeaturePacks/TP_TopDown.upack' (chunk index -1, root 'root:/') mounted
[2022.04.13-04.07.43:424][  0]LogShaderLibrary: Display: ShaderCodeLibraryPakFileMountedCallback: pending pak file info (ChunkID:-1 Root:root:/ File:D:/epic games/UE_4.27/FeaturePacks/TP_TopDown.upack)
[2022.04.13-04.07.43:424][  0]LogPakFile: OnPakFileMounted2Time == 0.000036
[2022.04.13-04.07.43:424][  0]LogPakFile: PakFile PrimaryIndexSize=185
[2022.04.13-04.07.43:424][  0]LogPakFile: PakFile PathHashIndexSize=101
[2022.04.13-04.07.43:424][  0]LogPakFile: PakFile FullDirectoryIndexSize=144
[2022.04.13-04.07.43:425][  0]LogShaderLibrary: Display: ShaderCodeLibraryPakFileMountedCallback: PakFile 'D:/epic games/UE_4.27/FeaturePacks/TP_TopDownBP.upack' (chunk index -1, root 'root:/') mounted
[2022.04.13-04.07.43:425][  0]LogShaderLibrary: Display: ShaderCodeLibraryPakFileMountedCallback: pending pak file info (ChunkID:-1 Root:root:/ File:D:/epic games/UE_4.27/FeaturePacks/TP_TopDownBP.upack)
[2022.04.13-04.07.43:425][  0]LogPakFile: OnPakFileMounted2Time == 0.000032
[2022.04.13-04.07.43:425][  0]LogPakFile: PakFile PrimaryIndexSize=185
[2022.04.13-04.07.43:425][  0]LogPakFile: PakFile PathHashIndexSize=101
[2022.04.13-04.07.43:425][  0]LogPakFile: PakFile FullDirectoryIndexSize=144
[2022.04.13-04.07.43:425][  0]LogShaderLibrary: Display: ShaderCodeLibraryPakFileMountedCallback: PakFile 'D:/epic games/UE_4.27/FeaturePacks/TP_TwinStick.upack' (chunk index -1, root 'root:/') mounted
[2022.04.13-04.07.43:425][  0]LogShaderLibrary: Display: ShaderCodeLibraryPakFileMountedCallback: pending pak file info (ChunkID:-1 Root:root:/ File:D:/epic games/UE_4.27/FeaturePacks/TP_TwinStick.upack)
[2022.04.13-04.07.43:425][  0]LogPakFile: OnPakFileMounted2Time == 0.000031
[2022.04.13-04.07.43:425][  0]LogPakFile: PakFile PrimaryIndexSize=187
[2022.04.13-04.07.43:425][  0]LogPakFile: PakFile PathHashIndexSize=101
[2022.04.13-04.07.43:425][  0]LogPakFile: PakFile FullDirectoryIndexSize=148
[2022.04.13-04.07.43:425][  0]LogShaderLibrary: Display: ShaderCodeLibraryPakFileMountedCallback: PakFile 'D:/epic games/UE_4.27/FeaturePacks/TP_TwinStickBP.upack' (chunk index -1, root 'root:/') mounted
[2022.04.13-04.07.43:425][  0]LogShaderLibrary: Display: ShaderCodeLibraryPakFileMountedCallback: pending pak file info (ChunkID:-1 Root:root:/ File:D:/epic games/UE_4.27/FeaturePacks/TP_TwinStickBP.upack)
[2022.04.13-04.07.43:425][  0]LogPakFile: OnPakFileMounted2Time == 0.000031
[2022.04.13-04.07.43:426][  0]LogPakFile: PakFile PrimaryIndexSize=183
[2022.04.13-04.07.43:426][  0]LogPakFile: PakFile PathHashIndexSize=101
[2022.04.13-04.07.43:426][  0]LogPakFile: PakFile FullDirectoryIndexSize=140
[2022.04.13-04.07.43:426][  0]LogShaderLibrary: Display: ShaderCodeLibraryPakFileMountedCallback: PakFile 'D:/epic games/UE_4.27/FeaturePacks/TP_Vehicle.upack' (chunk index -1, root 'root:/') mounted
[2022.04.13-04.07.43:426][  0]LogShaderLibrary: Display: ShaderCodeLibraryPakFileMountedCallback: pending pak file info (ChunkID:-1 Root:root:/ File:D:/epic games/UE_4.27/FeaturePacks/TP_Vehicle.upack)
[2022.04.13-04.07.43:426][  0]LogPakFile: OnPakFileMounted2Time == 0.000033
[2022.04.13-04.07.43:426][  0]LogPakFile: PakFile PrimaryIndexSize=186
[2022.04.13-04.07.43:426][  0]LogPakFile: PakFile PathHashIndexSize=101
[2022.04.13-04.07.43:426][  0]LogPakFile: PakFile FullDirectoryIndexSize=146
[2022.04.13-04.07.43:426][  0]LogShaderLibrary: Display: ShaderCodeLibraryPakFileMountedCallback: PakFile 'D:/epic games/UE_4.27/FeaturePacks/TP_VehicleAdv.upack' (chunk index -1, root 'root:/') mounted
[2022.04.13-04.07.43:426][  0]LogShaderLibrary: Display: ShaderCodeLibraryPakFileMountedCallback: pending pak file info (ChunkID:-1 Root:root:/ File:D:/epic games/UE_4.27/FeaturePacks/TP_VehicleAdv.upack)
[2022.04.13-04.07.43:426][  0]LogPakFile: OnPakFileMounted2Time == 0.000031
[2022.04.13-04.07.43:427][  0]LogPakFile: PakFile PrimaryIndexSize=188
[2022.04.13-04.07.43:427][  0]LogPakFile: PakFile PathHashIndexSize=101
[2022.04.13-04.07.43:427][  0]LogPakFile: PakFile FullDirectoryIndexSize=150
[2022.04.13-04.07.43:427][  0]LogShaderLibrary: Display: ShaderCodeLibraryPakFileMountedCallback: PakFile 'D:/epic games/UE_4.27/FeaturePacks/TP_VehicleAdvBP.upack' (chunk index -1, root 'root:/') mounted
[2022.04.13-04.07.43:427][  0]LogShaderLibrary: Display: ShaderCodeLibraryPakFileMountedCallback: pending pak file info (ChunkID:-1 Root:root:/ File:D:/epic games/UE_4.27/FeaturePacks/TP_VehicleAdvBP.upack)
[2022.04.13-04.07.43:427][  0]LogPakFile: OnPakFileMounted2Time == 0.000031
[2022.04.13-04.07.43:427][  0]LogPakFile: PakFile PrimaryIndexSize=185
[2022.04.13-04.07.43:427][  0]LogPakFile: PakFile PathHashIndexSize=101
[2022.04.13-04.07.43:427][  0]LogPakFile: PakFile FullDirectoryIndexSize=144
[2022.04.13-04.07.43:427][  0]LogShaderLibrary: Display: ShaderCodeLibraryPakFileMountedCallback: PakFile 'D:/epic games/UE_4.27/FeaturePacks/TP_VehicleBP.upack' (chunk index -1, root 'root:/') mounted
[2022.04.13-04.07.43:427][  0]LogShaderLibrary: Display: ShaderCodeLibraryPakFileMountedCallback: pending pak file info (ChunkID:-1 Root:root:/ File:D:/epic games/UE_4.27/FeaturePacks/TP_VehicleBP.upack)
[2022.04.13-04.07.43:427][  0]LogPakFile: OnPakFileMounted2Time == 0.000031
[2022.04.13-04.07.43:427][  0]LogPakFile: PakFile PrimaryIndexSize=192
[2022.04.13-04.07.43:427][  0]LogPakFile: PakFile PathHashIndexSize=101
[2022.04.13-04.07.43:427][  0]LogPakFile: PakFile FullDirectoryIndexSize=158
[2022.04.13-04.07.43:427][  0]LogShaderLibrary: Display: ShaderCodeLibraryPakFileMountedCallback: PakFile 'D:/epic games/UE_4.27/FeaturePacks/TP_VirtualRealityBP.upack' (chunk index -1, root 'root:/') mounted
[2022.04.13-04.07.43:427][  0]LogShaderLibrary: Display: ShaderCodeLibraryPakFileMountedCallback: pending pak file info (ChunkID:-1 Root:root:/ File:D:/epic games/UE_4.27/FeaturePacks/TP_VirtualRealityBP.upack)
[2022.04.13-04.07.43:427][  0]LogPakFile: OnPakFileMounted2Time == 0.000031
[2022.04.13-04.07.43:456][  0]LogNativeClassHierarchy: Verbose: Native class hierarchy updated for 'AddContentDialog' in 0.0002 seconds. Added 0 classes and 0 folders.
[2022.04.13-04.07.43:457][  0]LogNativeClassHierarchy: Verbose: Native class hierarchy updated for 'SceneOutliner' in 0.0002 seconds. Added 2 classes and 0 folders.
[2022.04.13-04.07.43:533][  0]LogSlate: Took 0.000127 seconds to synchronously load lazily loaded font '../../../Engine/Content/Slate/Fonts/Roboto-Regular.ttf' (155K)
[2022.04.13-04.07.43:534][  0]LogSlate: Took 0.000076 seconds to synchronously load lazily loaded font '../../../Engine/Content/Editor/Slate/Fonts/FontAwesome.ttf' (139K)
[2022.04.13-04.07.43:535][  0]LogSlate: Took 0.000083 seconds to synchronously load lazily loaded font '../../../Engine/Content/Slate/Fonts/Roboto-Bold.ttf' (160K)
[2022.04.13-04.07.43:605][  0]LogRenderer: Reallocating scene render targets to support 1288x668 Format 10 NumSamples 1 (Frame:1).
[2022.04.13-04.07.43:997][  0]LogSlate: Took 0.000127 seconds to synchronously load lazily loaded font '../../../Engine/Content/Slate/Fonts/Roboto-Light.ttf' (167K)
[2022.04.13-04.07.44:051][  0]LogNativeClassHierarchy: Verbose: Native class hierarchy updated for 'HierarchicalLODOutliner' in 0.0002 seconds. Added 0 classes and 0 folders.
[2022.04.13-04.07.44:051][  0]LogLoad: (Engine Initialization) Total time: 6.59 seconds
[2022.04.13-04.07.44:051][  0]LogLoad: (Engine Initialization) Total Blueprint compile time: 0.00 seconds
[2022.04.13-04.07.44:088][  0]LogAssetRegistry: Asset discovery search completed in 4.0408 seconds
[2022.04.13-04.07.44:092][  0]LogCollectionManager: Fixed up redirectors for 0 collections in 0.000003 seconds (updated 0 objects)
[2022.04.13-04.07.44:094][  0]LogContentStreaming: Texture pool size now 1000 MB
[2022.04.13-04.07.52:057][931]LogWindows: Warning: CreateProc failed: The system cannot find the file specified. (0x00000002)
[2022.04.13-04.07.52:057][931]LogWindows: Warning: URL: C:/Program Files/Git/bin/git.exe version
[2022.04.13-04.07.52:057][931]LogWindows: Warning: CreateProc failed: The system cannot find the file specified. (0x00000002)
[2022.04.13-04.07.52:057][931]LogWindows: Warning: URL: C:/Program Files (x86)/Git/bin/git.exe version
[2022.04.13-04.07.52:057][931]LogWindows: Warning: CreateProc failed: The system cannot find the file specified. (0x00000002)
[2022.04.13-04.07.52:057][931]LogWindows: Warning: URL: C:\Users\Beverly\AppData\Local/Programs/Git/cmd/git.exe version
[2022.04.13-04.07.52:057][931]LogWindows: Warning: CreateProc failed: The system cannot find the file specified. (0x00000002)
[2022.04.13-04.07.52:057][931]LogWindows: Warning: URL: C:/Program Files (x86)/SmartGit/git/bin/git.exe version
[2022.04.13-04.07.52:058][931]LogWindows: Warning: CreateProc failed: The system cannot find the file specified. (0x00000002)
[2022.04.13-04.07.52:058][931]LogWindows: Warning: URL: C:/Program Files (x86)/SmartGit/bin/git.exe version
[2022.04.13-04.07.52:058][931]LogWindows: Warning: CreateProc failed: The system cannot find the file specified. (0x00000002)
[2022.04.13-04.07.52:058][931]LogWindows: Warning: URL: C:\Users\Beverly\AppData\Local/Atlassian/SourceTree/git_local/bin/git.exe version
[2022.04.13-04.07.52:058][931]LogWindows: Warning: CreateProc failed: The system cannot find the file specified. (0x00000002)
[2022.04.13-04.07.52:058][931]LogWindows: Warning: URL: C:/Program Files (x86)/fournova/Tower/vendor/Git/bin/git.exe version
[2022.04.13-04.10.17:781][ 63]LogWindows: Warning: CreateProc failed: Access is denied. (0x00000005)
[2022.04.13-04.10.17:781][ 63]LogWindows: Warning: URL: D:/epic games/UE_4.27/Engine/Binaries/Win64/ version
[2022.04.13-04.13.05:578][650]LogSlate: Window 'Source Control Login' being destroyed
[2022.04.13-04.13.20:693][415]LogUObjectHash: Compacting FUObjectHashTables data took   0.61ms
